[ 2016-06-12T16:05:47+08:00 ] ::1 /0/1/Public/Home/images/slides/read_L-b.png
INFO: [ app_init ] --START--
INFO: Run Behavior\BuildLiteBehavior [ RunTime:0.000012s ]
INFO: [ app_init ] --END-- [ RunTime:0.000300s ]
ERR: 无法加载模块:Public

[ 2016-06-12T16:05:47+08:00 ] ::1 /0/1/Public/Home/images/slides/read_L-b.png
INFO: [ app_init ] --START--
INFO: Run Behavior\BuildLiteBehavior [ RunTime:0.000014s ]
INFO: [ app_init ] --END-- [ RunTime:0.000347s ]
ERR: 无法加载模块:Public

[ 2016-06-12T16:05:48+08:00 ] ::1 /0/1/Public/Home/images/slides/read_L-b.png
INFO: [ app_init ] --START--
INFO: Run Behavior\BuildLiteBehavior [ RunTime:0.000012s ]
INFO: [ app_init ] --END-- [ RunTime:0.000242s ]
ERR: 无法加载模块:Public

[ 2016-06-12T17:22:51+08:00 ] ::1 /0/1/platform.twitter.com/widgets.js?_=1465723371541
INFO: [ app_init ] --START--
INFO: Run Behavior\BuildLiteBehavior [ RunTime:0.000013s ]
INFO: [ app_init ] --END-- [ RunTime:0.000256s ]
ERR: 无法加载模块:Platform.twitter.com

[ 2016-06-12T18:05:57+08:00 ] ::1 /0/1/platform.twitter.com/widgets.js?_=1465725957218
INFO: [ app_init ] --START--
INFO: Run Behavior\BuildLiteBehavior [ RunTime:0.000011s ]
INFO: [ app_init ] --END-- [ RunTime:0.000234s ]
ERR: 无法加载模块:Platform.twitter.com

[ 2016-06-12T18:09:48+08:00 ] ::1 /0/1/Public/Home/images/portfolio/image5.jpg
INFO: [ app_init ] --START--
INFO: Run Behavior\BuildLiteBehavior [ RunTime:0.000011s ]
INFO: [ app_init ] --END-- [ RunTime:0.000251s ]
ERR: 无法加载模块:Public

[ 2016-06-12T18:09:48+08:00 ] ::1 /0/1/platform.twitter.com/widgets.js?_=1465726188443
INFO: [ app_init ] --START--
INFO: Run Behavior\BuildLiteBehavior [ RunTime:0.000012s ]
INFO: [ app_init ] --END-- [ RunTime:0.000229s ]
ERR: 无法加载模块:Platform.twitter.com

[ 2016-06-12T18:09:48+08:00 ] ::1 /0/1/Public/Home/images/portfolio/image5.jpg
INFO: [ app_init ] --START--
INFO: Run Behavior\BuildLiteBehavior [ RunTime:0.000030s ]
INFO: [ app_init ] --END-- [ RunTime:0.000291s ]
ERR: 无法加载模块:Public

[ 2016-06-12T18:10:02+08:00 ] ::1 /0/1/platform.twitter.com/widgets.js?_=1465726202662
INFO: [ app_init ] --START--
INFO: Run Behavior\BuildLiteBehavior [ RunTime:0.000012s ]
INFO: [ app_init ] --END-- [ RunTime:0.000266s ]
ERR: 无法加载模块:Platform.twitter.com

[ 2016-06-12T18:11:11+08:00 ] ::1 /0/1/platform.twitter.com/widgets.js?_=1465726271092
INFO: [ app_init ] --START--
INFO: Run Behavior\BuildLiteBehavior [ RunTime:0.000012s ]
INFO: [ app_init ] --END-- [ RunTime:0.000237s ]
ERR: 无法加载模块:Platform.twitter.com

[ 2016-06-12T18:11:15+08:00 ] ::1 /0/1/platform.twitter.com/widgets.js?_=1465726275109
INFO: [ app_init ] --START--
INFO: Run Behavior\BuildLiteBehavior [ RunTime:0.000014s ]
INFO: [ app_init ] --END-- [ RunTime:0.000275s ]
ERR: 无法加载模块:Platform.twitter.com

[ 2016-06-12T18:11:22+08:00 ] ::1 /0/1/platform.twitter.com/widgets.js?_=1465726282496
INFO: [ app_init ] --START--
INFO: Run Behavior\BuildLiteBehavior [ RunTime:0.000013s ]
INFO: [ app_init ] --END-- [ RunTime:0.000251s ]
ERR: 无法加载模块:Platform.twitter.com

[ 2016-06-12T18:11:27+08:00 ] ::1 /0/1/platform.twitter.com/widgets.js?_=1465726287577
INFO: [ app_init ] --START--
INFO: Run Behavior\BuildLiteBehavior [ RunTime:0.000012s ]
INFO: [ app_init ] --END-- [ RunTime:0.000233s ]
ERR: 无法加载模块:Platform.twitter.com

[ 2016-06-12T18:11:30+08:00 ] ::1 /0/1/platform.twitter.com/widgets.js?_=1465726290803
INFO: [ app_init ] --START--
INFO: Run Behavior\BuildLiteBehavior [ RunTime:0.000013s ]
INFO: [ app_init ] --END-- [ RunTime:0.000271s ]
ERR: 无法加载模块:Platform.twitter.com

[ 2016-06-12T18:11:32+08:00 ] ::1 /0/1/platform.twitter.com/widgets.js?_=1465726292239
INFO: [ app_init ] --START--
INFO: Run Behavior\BuildLiteBehavior [ RunTime:0.000017s ]
INFO: [ app_init ] --END-- [ RunTime:0.000334s ]
ERR: 无法加载模块:Platform.twitter.com

[ 2016-06-12T18:11:33+08:00 ] ::1 /0/1/platform.twitter.com/widgets.js?_=1465726293687
INFO: [ app_init ] --START--
INFO: Run Behavior\BuildLiteBehavior [ RunTime:0.000013s ]
INFO: [ app_init ] --END-- [ RunTime:0.000298s ]
ERR: 无法加载模块:Platform.twitter.com

[ 2016-06-12T18:11:35+08:00 ] ::1 /0/1/platform.twitter.com/widgets.js?_=1465726295288
INFO: [ app_init ] --START--
INFO: Run Behavior\BuildLiteBehavior [ RunTime:0.000012s ]
INFO: [ app_init ] --END-- [ RunTime:0.000233s ]
ERR: 无法加载模块:Platform.twitter.com

[ 2016-06-12T18:11:40+08:00 ] ::1 /0/1/platform.twitter.com/widgets.js?_=1465726300875
INFO: [ app_init ] --START--
INFO: Run Behavior\BuildLiteBehavior [ RunTime:0.000012s ]
INFO: [ app_init ] --END-- [ RunTime:0.000230s ]
ERR: 无法加载模块:Platform.twitter.com

[ 2016-06-12T18:11:44+08:00 ] ::1 /0/1/platform.twitter.com/widgets.js?_=1465726304285
INFO: [ app_init ] --START--
INFO: Run Behavior\BuildLiteBehavior [ RunTime:0.000014s ]
INFO: [ app_init ] --END-- [ RunTime:0.000254s ]
ERR: 无法加载模块:Platform.twitter.com

[ 2016-06-12T18:11:46+08:00 ] ::1 /0/1/platform.twitter.com/widgets.js?_=1465726306965
INFO: [ app_init ] --START--
INFO: Run Behavior\BuildLiteBehavior [ RunTime:0.000012s ]
INFO: [ app_init ] --END-- [ RunTime:0.000256s ]
ERR: 无法加载模块:Platform.twitter.com

[ 2016-06-12T18:11:48+08:00 ] ::1 /0/1/platform.twitter.com/widgets.js?_=1465726308370
INFO: [ app_init ] --START--
INFO: Run Behavior\BuildLiteBehavior [ RunTime:0.000012s ]
INFO: [ app_init ] --END-- [ RunTime:0.000233s ]
ERR: 无法加载模块:Platform.twitter.com

[ 2016-06-12T19:28:03+08:00 ] ::1 /0/1/player.vimeo.com/video/12158329@color=ffffff
INFO: [ app_init ] --START--
INFO: Run Behavior\BuildLiteBehavior [ RunTime:0.000012s ]
INFO: [ app_init ] --END-- [ RunTime:0.000233s ]
ERR: 无法加载模块:Player.vimeo.com

[ 2016-06-12T19:28:03+08:00 ] ::1 /0/1/api.flickr.com/services/feeds/default.htmphotos_public.gne?lang=en-us&format=json&jsoncallback=jQuery17102315420780464329_1465730882126&id=58842866@N08&tags=architecture&_=1465730883122
INFO: [ app_init ] --START--
INFO: Run Behavior\BuildLiteBehavior [ RunTime:0.000012s ]
INFO: [ app_init ] --END-- [ RunTime:0.000237s ]
ERR: 无法加载模块:Api.flickr.com

[ 2016-06-12T19:34:41+08:00 ] ::1 /0/1/Public/Home//blog/image-gallery2.jpg
INFO: [ app_init ] --START--
INFO: Run Behavior\BuildLiteBehavior [ RunTime:0.000028s ]
INFO: [ app_init ] --END-- [ RunTime:0.000281s ]
ERR: 无法加载模块:Public

[ 2016-06-12T19:34:42+08:00 ] ::1 /0/1/Public/Home//blog/image-gallery2.jpg
INFO: [ app_init ] --START--
INFO: Run Behavior\BuildLiteBehavior [ RunTime:0.000017s ]
INFO: [ app_init ] --END-- [ RunTime:0.000364s ]
ERR: 无法加载模块:Public

[ 2016-06-12T19:34:42+08:00 ] ::1 /0/1/player.vimeo.com/video/12158329@color=ffffff
INFO: [ app_init ] --START--
INFO: Run Behavior\BuildLiteBehavior [ RunTime:0.000013s ]
INFO: [ app_init ] --END-- [ RunTime:0.000312s ]
ERR: 无法加载模块:Player.vimeo.com

[ 2016-06-12T19:34:42+08:00 ] ::1 /0/1/api.flickr.com/services/feeds/default.htmphotos_public.gne?lang=en-us&format=json&jsoncallback=jQuery17105649441622209197_1465731281811&id=58842866@N08&tags=architecture&_=1465731282647
INFO: [ app_init ] --START--
INFO: Run Behavior\BuildLiteBehavior [ RunTime:0.000011s ]
INFO: [ app_init ] --END-- [ RunTime:0.000255s ]
ERR: 无法加载模块:Api.flickr.com

[ 2016-06-12T19:45:34+08:00 ] ::1 /0/1/Public/Home//blog/image-gallery2.jpg
INFO: [ app_init ] --START--
INFO: Run Behavior\BuildLiteBehavior [ RunTime:0.000012s ]
INFO: [ app_init ] --END-- [ RunTime:0.000246s ]
ERR: 无法加载模块:Public

[ 2016-06-12T19:45:35+08:00 ] ::1 /0/1/Public/Home//blog/image-gallery2.jpg
INFO: [ app_init ] --START--
INFO: Run Behavior\BuildLiteBehavior [ RunTime:0.000011s ]
INFO: [ app_init ] --END-- [ RunTime:0.000228s ]
ERR: 无法加载模块:Public

[ 2016-06-12T19:45:35+08:00 ] ::1 /0/1/player.vimeo.com/video/12158329@color=ffffff
INFO: [ app_init ] --START--
INFO: Run Behavior\BuildLiteBehavior [ RunTime:0.000011s ]
INFO: [ app_init ] --END-- [ RunTime:0.000228s ]
ERR: 无法加载模块:Player.vimeo.com

[ 2016-06-12T19:45:35+08:00 ] ::1 /0/1/api.flickr.com/services/feeds/default.htmphotos_public.gne?lang=en-us&format=json&jsoncallback=jQuery17108905405554907422_1465731934757&id=58842866@N08&tags=architecture&_=1465731935708
INFO: [ app_init ] --START--
INFO: Run Behavior\BuildLiteBehavior [ RunTime:0.000012s ]
INFO: [ app_init ] --END-- [ RunTime:0.000261s ]
ERR: 无法加载模块:Api.flickr.com

[ 2016-06-12T23:14:21+08:00 ] ::1 /0/1/Public/Home//blog/image-gallery2.jpg
INFO: [ app_init ] --START--
INFO: Run Behavior\BuildLiteBehavior [ RunTime:0.000013s ]
INFO: [ app_init ] --END-- [ RunTime:0.000241s ]
ERR: 无法加载模块:Public

[ 2016-06-12T23:14:23+08:00 ] ::1 /0/1/Public/Home//blog/image-gallery2.jpg
INFO: [ app_init ] --START--
INFO: Run Behavior\BuildLiteBehavior [ RunTime:0.000020s ]
INFO: [ app_init ] --END-- [ RunTime:0.000327s ]
ERR: 无法加载模块:Public

[ 2016-06-12T23:14:23+08:00 ] ::1 /0/1/player.vimeo.com/video/12158329@color=ffffff
INFO: [ app_init ] --START--
INFO: Run Behavior\BuildLiteBehavior [ RunTime:0.000024s ]
INFO: [ app_init ] --END-- [ RunTime:0.000345s ]
ERR: 无法加载模块:Player.vimeo.com

[ 2016-06-12T23:14:23+08:00 ] ::1 /0/1/api.flickr.com/services/feeds/default.htmphotos_public.gne?lang=en-us&format=json&jsoncallback=jQuery17102091214150173233_1465744462688&id=58842866@N08&tags=architecture&_=1465744463361
INFO: [ app_init ] --START--
INFO: Run Behavior\BuildLiteBehavior [ RunTime:0.000019s ]
INFO: [ app_init ] --END-- [ RunTime:0.000360s ]
ERR: 无法加载模块:Api.flickr.com

[ 2016-06-12T23:43:36+08:00 ] ::1 /0/1/Public/Home//blog/image-gallery2.jpg
INFO: [ app_init ] --START--
INFO: Run Behavior\BuildLiteBehavior [ RunTime:0.000018s ]
INFO: [ app_init ] --END-- [ RunTime:0.000316s ]
ERR: 无法加载模块:Public

[ 2016-06-12T23:43:36+08:00 ] ::1 /0/1/Public/Home//blog/image-gallery2.jpg
INFO: [ app_init ] --START--
INFO: Run Behavior\BuildLiteBehavior [ RunTime:0.000013s ]
INFO: [ app_init ] --END-- [ RunTime:0.000250s ]
ERR: 无法加载模块:Public

[ 2016-06-12T23:43:36+08:00 ] ::1 /0/1/player.vimeo.com/video/12158329@color=ffffff
INFO: [ app_init ] --START--
INFO: Run Behavior\BuildLiteBehavior [ RunTime:0.000024s ]
INFO: [ app_init ] --END-- [ RunTime:0.000329s ]
ERR: 无法加载模块:Player.vimeo.com

[ 2016-06-12T23:43:36+08:00 ] ::1 /0/1/api.flickr.com/services/feeds/default.htmphotos_public.gne?lang=en-us&format=json&jsoncallback=jQuery1710015505656340532914_1465746216103&id=58842866@N08&tags=architecture&_=1465746216239
INFO: [ app_init ] --START--
INFO: Run Behavior\BuildLiteBehavior [ RunTime:0.000023s ]
INFO: [ app_init ] --END-- [ RunTime:0.000291s ]
ERR: 无法加载模块:Api.flickr.com

[ 2016-06-12T23:44:23+08:00 ] ::1 /0/1/platform.twitter.com/widgets.js?_=1465746263403
INFO: [ app_init ] --START--
INFO: Run Behavior\BuildLiteBehavior [ RunTime:0.000011s ]
INFO: [ app_init ] --END-- [ RunTime:0.000229s ]
ERR: 无法加载模块:Platform.twitter.com

[ 2016-06-12T23:44:26+08:00 ] ::1 /0/1/platform.twitter.com/widgets.js?_=1465746266419
INFO: [ app_init ] --START--
INFO: Run Behavior\BuildLiteBehavior [ RunTime:0.000012s ]
INFO: [ app_init ] --END-- [ RunTime:0.000231s ]
ERR: 无法加载模块:Platform.twitter.com

[ 2016-06-12T23:44:27+08:00 ] ::1 /0/1/platform.twitter.com/widgets.js?_=1465746267814
INFO: [ app_init ] --START--
INFO: Run Behavior\BuildLiteBehavior [ RunTime:0.000014s ]
INFO: [ app_init ] --END-- [ RunTime:0.000247s ]
ERR: 无法加载模块:Platform.twitter.com

