[ 2016-06-11T09:43:42+08:00 ] ::1 /0/1/fonts.googleapis.com/css@family=Open+Sans_3A300,400,600,700
INFO: [ app_init ] --START--
INFO: Run Behavior\BuildLiteBehavior [ RunTime:0.000013s ]
INFO: [ app_init ] --END-- [ RunTime:0.000287s ]
ERR: 无法加载模块:Fonts.googleapis.com

[ 2016-06-11T09:43:42+08:00 ] ::1 /0/1/Public/Home/vjs/superfish.js
INFO: [ app_init ] --START--
INFO: Run Behavior\BuildLiteBehavior [ RunTime:0.000011s ]
INFO: [ app_init ] --END-- [ RunTime:0.000265s ]
ERR: 无法加载模块:Public

[ 2016-06-11T09:43:42+08:00 ] ::1 /0/1/Public/Home/template-changer.css
INFO: [ app_init ] --START--
INFO: Run Behavior\BuildLiteBehavior [ RunTime:0.000011s ]
INFO: [ app_init ] --END-- [ RunTime:0.000230s ]
ERR: 无法加载模块:Public

[ 2016-06-11T09:43:42+08:00 ] ::1 /0/1/fonts.googleapis.com/css@family=Open+Sans_3A300,400,600,700
INFO: [ app_init ] --START--
INFO: Run Behavior\BuildLiteBehavior [ RunTime:0.000014s ]
INFO: [ app_init ] --END-- [ RunTime:0.000276s ]
ERR: 无法加载模块:Fonts.googleapis.com

[ 2016-06-11T09:45:45+08:00 ] ::1 /0/1/Public/Home/sstyle.css
INFO: [ app_init ] --START--
INFO: Run Behavior\BuildLiteBehavior [ RunTime:0.000012s ]
INFO: [ app_init ] --END-- [ RunTime:0.000238s ]
ERR: 无法加载模块:Public

[ 2016-06-11T09:45:45+08:00 ] ::1 /0/1/fonts.googleapis.com/css@family=Open+Sans_3A300,400,600,700
INFO: [ app_init ] --START--
INFO: Run Behavior\BuildLiteBehavior [ RunTime:0.000013s ]
INFO: [ app_init ] --END-- [ RunTime:0.000286s ]
ERR: 无法加载模块:Fonts.googleapis.com

[ 2016-06-11T09:45:45+08:00 ] ::1 /0/1/Public/Home/template-changer.css
INFO: [ app_init ] --START--
INFO: Run Behavior\BuildLiteBehavior [ RunTime:0.000015s ]
INFO: [ app_init ] --END-- [ RunTime:0.000363s ]
ERR: 无法加载模块:Public

[ 2016-06-11T09:45:45+08:00 ] ::1 /0/1/Public/Home/vjs/superfish.js
INFO: [ app_init ] --START--
INFO: Run Behavior\BuildLiteBehavior [ RunTime:0.000023s ]
INFO: [ app_init ] --END-- [ RunTime:0.000422s ]
ERR: 无法加载模块:Public

[ 2016-06-11T09:45:45+08:00 ] ::1 /0/1/Public/Home/vjs/superfish.js
INFO: [ app_init ] --START--
INFO: Run Behavior\BuildLiteBehavior [ RunTime:0.000011s ]
INFO: [ app_init ] --END-- [ RunTime:0.000230s ]
ERR: 无法加载模块:Public

[ 2016-06-11T09:45:46+08:00 ] ::1 /0/1/Public/Home/template-changer.css
INFO: [ app_init ] --START--
INFO: Run Behavior\BuildLiteBehavior [ RunTime:0.000012s ]
INFO: [ app_init ] --END-- [ RunTime:0.000229s ]
ERR: 无法加载模块:Public

[ 2016-06-11T09:45:46+08:00 ] ::1 /0/1/fonts.googleapis.com/css@family=Open+Sans_3A300,400,600,700
INFO: [ app_init ] --START--
INFO: Run Behavior\BuildLiteBehavior [ RunTime:0.000012s ]
INFO: [ app_init ] --END-- [ RunTime:0.000229s ]
ERR: 无法加载模块:Fonts.googleapis.com

[ 2016-06-11T09:48:08+08:00 ] ::1 /0/1/Public/Home/sstyle.css
INFO: [ app_init ] --START--
INFO: Run Behavior\BuildLiteBehavior [ RunTime:0.000018s ]
INFO: [ app_init ] --END-- [ RunTime:0.000339s ]
ERR: 无法加载模块:Public

[ 2016-06-11T09:48:08+08:00 ] ::1 /0/1/Public/Home/vjs/superfish.js
INFO: [ app_init ] --START--
INFO: Run Behavior\BuildLiteBehavior [ RunTime:0.000019s ]
INFO: [ app_init ] --END-- [ RunTime:0.000381s ]
ERR: 无法加载模块:Public

[ 2016-06-11T09:48:08+08:00 ] ::1 /0/1/Public/Home/template-changer.css
INFO: [ app_init ] --START--
INFO: Run Behavior\BuildLiteBehavior [ RunTime:0.000020s ]
INFO: [ app_init ] --END-- [ RunTime:0.000451s ]
ERR: 无法加载模块:Public

[ 2016-06-11T09:48:08+08:00 ] ::1 /0/1/fonts.googleapis.com/css@family=Open+Sans_3A300,400,600,700
INFO: [ app_init ] --START--
INFO: Run Behavior\BuildLiteBehavior [ RunTime:0.000016s ]
INFO: [ app_init ] --END-- [ RunTime:0.000295s ]
ERR: 无法加载模块:Fonts.googleapis.com

[ 2016-06-11T09:48:09+08:00 ] ::1 /0/1/Public/Home/vjs/superfish.js
INFO: [ app_init ] --START--
INFO: Run Behavior\BuildLiteBehavior [ RunTime:0.000011s ]
INFO: [ app_init ] --END-- [ RunTime:0.000243s ]
ERR: 无法加载模块:Public

[ 2016-06-11T09:48:09+08:00 ] ::1 /0/1/Public/Home/template-changer.css
INFO: [ app_init ] --START--
INFO: Run Behavior\BuildLiteBehavior [ RunTime:0.000011s ]
INFO: [ app_init ] --END-- [ RunTime:0.000238s ]
ERR: 无法加载模块:Public

[ 2016-06-11T09:48:09+08:00 ] ::1 /0/1/fonts.googleapis.com/css@family=Open+Sans_3A300,400,600,700
INFO: [ app_init ] --START--
INFO: Run Behavior\BuildLiteBehavior [ RunTime:0.000013s ]
INFO: [ app_init ] --END-- [ RunTime:0.000306s ]
ERR: 无法加载模块:Fonts.googleapis.com

[ 2016-06-11T09:49:56+08:00 ] ::1 /0/1/Public/Home/vjs/superfish.js
INFO: [ app_init ] --START--
INFO: Run Behavior\BuildLiteBehavior [ RunTime:0.000019s ]
INFO: [ app_init ] --END-- [ RunTime:0.000386s ]
ERR: 无法加载模块:Public

[ 2016-06-11T09:49:56+08:00 ] ::1 /0/1/fonts.googleapis.com/css@family=Open+Sans_3A300,400,600,700
INFO: [ app_init ] --START--
INFO: Run Behavior\BuildLiteBehavior [ RunTime:0.000012s ]
INFO: [ app_init ] --END-- [ RunTime:0.000298s ]
ERR: 无法加载模块:Fonts.googleapis.com

[ 2016-06-11T09:49:56+08:00 ] ::1 /0/1/Public/Home/template-changer.css
INFO: [ app_init ] --START--
INFO: Run Behavior\BuildLiteBehavior [ RunTime:0.000017s ]
INFO: [ app_init ] --END-- [ RunTime:0.000351s ]
ERR: 无法加载模块:Public

[ 2016-06-11T09:49:57+08:00 ] ::1 /0/1/Public/Home/vjs/superfish.js
INFO: [ app_init ] --START--
INFO: Run Behavior\BuildLiteBehavior [ RunTime:0.000013s ]
INFO: [ app_init ] --END-- [ RunTime:0.000278s ]
ERR: 无法加载模块:Public

[ 2016-06-11T09:49:57+08:00 ] ::1 /0/1/Public/Home/template-changer.css
INFO: [ app_init ] --START--
INFO: Run Behavior\BuildLiteBehavior [ RunTime:0.000012s ]
INFO: [ app_init ] --END-- [ RunTime:0.000250s ]
ERR: 无法加载模块:Public

[ 2016-06-11T09:49:57+08:00 ] ::1 /0/1/fonts.googleapis.com/css@family=Open+Sans_3A300,400,600,700
INFO: [ app_init ] --START--
INFO: Run Behavior\BuildLiteBehavior [ RunTime:0.000012s ]
INFO: [ app_init ] --END-- [ RunTime:0.000256s ]
ERR: 无法加载模块:Fonts.googleapis.com

[ 2016-06-11T09:51:12+08:00 ] ::1 /0/1/Public/Home/vjs/superfish.js
INFO: [ app_init ] --START--
INFO: Run Behavior\BuildLiteBehavior [ RunTime:0.000028s ]
INFO: [ app_init ] --END-- [ RunTime:0.000411s ]
ERR: 无法加载模块:Public

[ 2016-06-11T09:51:12+08:00 ] ::1 /0/1/Public/Home/template-changer.css
INFO: [ app_init ] --START--
INFO: Run Behavior\BuildLiteBehavior [ RunTime:0.000013s ]
INFO: [ app_init ] --END-- [ RunTime:0.000249s ]
ERR: 无法加载模块:Public

[ 2016-06-11T09:51:12+08:00 ] ::1 /0/1/fonts.googleapis.com/css@family=Open+Sans_3A300,400,600,700
INFO: [ app_init ] --START--
INFO: Run Behavior\BuildLiteBehavior [ RunTime:0.000027s ]
INFO: [ app_init ] --END-- [ RunTime:0.000389s ]
ERR: 无法加载模块:Fonts.googleapis.com

[ 2016-06-11T09:51:13+08:00 ] ::1 /0/1/Public/Home/vjs/superfish.js
INFO: [ app_init ] --START--
INFO: Run Behavior\BuildLiteBehavior [ RunTime:0.000012s ]
INFO: [ app_init ] --END-- [ RunTime:0.000240s ]
ERR: 无法加载模块:Public

[ 2016-06-11T09:51:13+08:00 ] ::1 /0/1/Public/Home/template-changer.css
INFO: [ app_init ] --START--
INFO: Run Behavior\BuildLiteBehavior [ RunTime:0.000014s ]
INFO: [ app_init ] --END-- [ RunTime:0.000309s ]
ERR: 无法加载模块:Public

[ 2016-06-11T09:51:13+08:00 ] ::1 /0/1/fonts.googleapis.com/css@family=Open+Sans_3A300,400,600,700
INFO: [ app_init ] --START--
INFO: Run Behavior\BuildLiteBehavior [ RunTime:0.000014s ]
INFO: [ app_init ] --END-- [ RunTime:0.000277s ]
ERR: 无法加载模块:Fonts.googleapis.com

[ 2016-06-11T09:51:40+08:00 ] ::1 /0/1/fonts.googleapis.com/css@family=Open+Sans_3A300,400,600,700
INFO: [ app_init ] --START--
INFO: Run Behavior\BuildLiteBehavior [ RunTime:0.000013s ]
INFO: [ app_init ] --END-- [ RunTime:0.000257s ]
ERR: 无法加载模块:Fonts.googleapis.com

[ 2016-06-11T09:51:40+08:00 ] ::1 /0/1/Public/Home/template-changer.css
INFO: [ app_init ] --START--
INFO: Run Behavior\BuildLiteBehavior [ RunTime:0.000018s ]
INFO: [ app_init ] --END-- [ RunTime:0.000372s ]
ERR: 无法加载模块:Public

[ 2016-06-11T09:51:41+08:00 ] ::1 /0/1/Public/Home/template-changer.css
INFO: [ app_init ] --START--
INFO: Run Behavior\BuildLiteBehavior [ RunTime:0.000035s ]
INFO: [ app_init ] --END-- [ RunTime:0.000310s ]
ERR: 无法加载模块:Public

[ 2016-06-11T09:51:41+08:00 ] ::1 /0/1/fonts.googleapis.com/css@family=Open+Sans_3A300,400,600,700
INFO: [ app_init ] --START--
INFO: Run Behavior\BuildLiteBehavior [ RunTime:0.000019s ]
INFO: [ app_init ] --END-- [ RunTime:0.000355s ]
ERR: 无法加载模块:Fonts.googleapis.com

[ 2016-06-11T09:52:20+08:00 ] ::1 /0/1/fonts.googleapis.com/css@family=Open+Sans_3A300,400,600,700
INFO: [ app_init ] --START--
INFO: Run Behavior\BuildLiteBehavior [ RunTime:0.000012s ]
INFO: [ app_init ] --END-- [ RunTime:0.000266s ]
ERR: 无法加载模块:Fonts.googleapis.com

[ 2016-06-11T09:52:21+08:00 ] ::1 /0/1/fonts.googleapis.com/css@family=Open+Sans_3A300,400,600,700
INFO: [ app_init ] --START--
INFO: Run Behavior\BuildLiteBehavior [ RunTime:0.000012s ]
INFO: [ app_init ] --END-- [ RunTime:0.000244s ]
ERR: 无法加载模块:Fonts.googleapis.com

[ 2016-06-11T10:04:14+08:00 ] ::1 /0/1/Public/Home/css/__PUBLIC__/Home/images/logo_b.png
INFO: [ app_init ] --START--
INFO: Run Behavior\BuildLiteBehavior [ RunTime:0.000038s ]
INFO: [ app_init ] --END-- [ RunTime:0.000443s ]
ERR: 无法加载模块:Public

[ 2016-06-11T10:04:14+08:00 ] ::1 /0/1/Public/images/video.png
INFO: [ app_init ] --START--
INFO: Run Behavior\BuildLiteBehavior [ RunTime:0.000019s ]
INFO: [ app_init ] --END-- [ RunTime:0.000314s ]
ERR: 无法加载模块:Public

[ 2016-06-11T10:04:14+08:00 ] ::1 /0/1/Public/images/lightbox.png
INFO: [ app_init ] --START--
INFO: Run Behavior\BuildLiteBehavior [ RunTime:0.000014s ]
INFO: [ app_init ] --END-- [ RunTime:0.000478s ]
ERR: 无法加载模块:Public

[ 2016-06-11T10:04:14+08:00 ] ::1 /0/1/Public/images/link.png
INFO: [ app_init ] --START--
INFO: Run Behavior\BuildLiteBehavior [ RunTime:0.000026s ]
INFO: [ app_init ] --END-- [ RunTime:0.000409s ]
ERR: 无法加载模块:Public

[ 2016-06-11T10:04:14+08:00 ] ::1 /0/1/Public/Home/css/__PUBLIC__/Home/images/logo_g.png
INFO: [ app_init ] --START--
INFO: Run Behavior\BuildLiteBehavior [ RunTime:0.000013s ]
INFO: [ app_init ] --END-- [ RunTime:0.000327s ]
ERR: 无法加载模块:Public

[ 2016-06-11T10:04:22+08:00 ] ::1 /0/1/Public/Home/css/__PUBLIC__/Home/images/logo_b.png
INFO: [ app_init ] --START--
INFO: Run Behavior\BuildLiteBehavior [ RunTime:0.000020s ]
INFO: [ app_init ] --END-- [ RunTime:0.000335s ]
ERR: 无法加载模块:Public

[ 2016-06-11T10:06:05+08:00 ] ::1 /0/1/Public/images/lightbox.png
INFO: [ app_init ] --START--
INFO: Run Behavior\BuildLiteBehavior [ RunTime:0.000057s ]
INFO: [ app_init ] --END-- [ RunTime:0.000440s ]
ERR: 无法加载模块:Public

[ 2016-06-11T10:06:05+08:00 ] ::1 /0/1/Public/images/link.png
INFO: [ app_init ] --START--
INFO: Run Behavior\BuildLiteBehavior [ RunTime:0.000022s ]
INFO: [ app_init ] --END-- [ RunTime:0.000375s ]
ERR: 无法加载模块:Public

[ 2016-06-11T10:06:05+08:00 ] ::1 /0/1/Public/images/video.png
INFO: [ app_init ] --START--
INFO: Run Behavior\BuildLiteBehavior [ RunTime:0.000012s ]
INFO: [ app_init ] --END-- [ RunTime:0.000242s ]
ERR: 无法加载模块:Public

[ 2016-06-11T10:07:28+08:00 ] ::1 /0/1/Public/images/lightbox.png
INFO: [ app_init ] --START--
INFO: Run Behavior\BuildLiteBehavior [ RunTime:0.000020s ]
INFO: [ app_init ] --END-- [ RunTime:0.000362s ]
ERR: 无法加载模块:Public

[ 2016-06-11T10:07:28+08:00 ] ::1 /0/1/Public/images/link.png
INFO: [ app_init ] --START--
INFO: Run Behavior\BuildLiteBehavior [ RunTime:0.000013s ]
INFO: [ app_init ] --END-- [ RunTime:0.000252s ]
ERR: 无法加载模块:Public

[ 2016-06-11T10:07:28+08:00 ] ::1 /0/1/Public/images/video.png
INFO: [ app_init ] --START--
INFO: Run Behavior\BuildLiteBehavior [ RunTime:0.000017s ]
INFO: [ app_init ] --END-- [ RunTime:0.000324s ]
ERR: 无法加载模块:Public

[ 2016-06-11T10:17:24+08:00 ] ::1 /0/1/Public/Home/mages/portfolio/image2-small.jpg
INFO: [ app_init ] --START--
INFO: Run Behavior\BuildLiteBehavior [ RunTime:0.000023s ]
INFO: [ app_init ] --END-- [ RunTime:0.000318s ]
ERR: 无法加载模块:Public

[ 2016-06-11T10:17:25+08:00 ] ::1 /0/1/Public/Home/mages/portfolio/image2-small.jpg
INFO: [ app_init ] --START--
INFO: Run Behavior\BuildLiteBehavior [ RunTime:0.000012s ]
INFO: [ app_init ] --END-- [ RunTime:0.000267s ]
ERR: 无法加载模块:Public

[ 2016-06-11T10:20:55+08:00 ] ::1 /0/1/platform.twitter.com/widgets.js?_=1465611655229
INFO: [ app_init ] --START--
INFO: Run Behavior\BuildLiteBehavior [ RunTime:0.000013s ]
INFO: [ app_init ] --END-- [ RunTime:0.000281s ]
ERR: 无法加载模块:Platform.twitter.com

[ 2016-06-11T10:21:20+08:00 ] ::1 /0/1/platform.twitter.com/widgets.js?_=1465611680596
INFO: [ app_init ] --START--
INFO: Run Behavior\BuildLiteBehavior [ RunTime:0.000013s ]
INFO: [ app_init ] --END-- [ RunTime:0.000277s ]
ERR: 无法加载模块:Platform.twitter.com

[ 2016-06-11T10:21:23+08:00 ] ::1 /0/1/platform.twitter.com/widgets.js?_=1465611683711
INFO: [ app_init ] --START--
INFO: Run Behavior\BuildLiteBehavior [ RunTime:0.000013s ]
INFO: [ app_init ] --END-- [ RunTime:0.000285s ]
ERR: 无法加载模块:Platform.twitter.com

[ 2016-06-11T10:21:25+08:00 ] ::1 /0/1/platform.twitter.com/widgets.js?_=1465611685695
INFO: [ app_init ] --START--
INFO: Run Behavior\BuildLiteBehavior [ RunTime:0.000011s ]
INFO: [ app_init ] --END-- [ RunTime:0.000230s ]
ERR: 无法加载模块:Platform.twitter.com

[ 2016-06-11T10:21:27+08:00 ] ::1 /0/1/platform.twitter.com/widgets.js?_=1465611687711
INFO: [ app_init ] --START--
INFO: Run Behavior\BuildLiteBehavior [ RunTime:0.000014s ]
INFO: [ app_init ] --END-- [ RunTime:0.000274s ]
ERR: 无法加载模块:Platform.twitter.com

[ 2016-06-11T10:25:48+08:00 ] ::1 /0/1/platform.twitter.com/widgets.js?_=1465611948494
INFO: [ app_init ] --START--
INFO: Run Behavior\BuildLiteBehavior [ RunTime:0.000020s ]
INFO: [ app_init ] --END-- [ RunTime:0.000366s ]
ERR: 无法加载模块:Platform.twitter.com

