[ 2016-06-13T00:24:45+08:00 ] ::1 /0/1/platform.twitter.com/widgets.js?_=1465748685316
INFO: [ app_init ] --START--
INFO: Run Behavior\BuildLiteBehavior [ RunTime:0.000012s ]
INFO: [ app_init ] --END-- [ RunTime:0.000250s ]
ERR: 无法加载模块:Platform.twitter.com

[ 2016-06-13T02:29:03+08:00 ] ::1 /0/1/Public/Home/css/reg.css
INFO: [ app_init ] --START--
INFO: Run Behavior\BuildLiteBehavior [ RunTime:0.000020s ]
INFO: [ app_init ] --END-- [ RunTime:0.000358s ]
ERR: 无法加载模块:Public

[ 2016-06-13T02:29:03+08:00 ] ::1 /0/1/Public/Home/js/jquery-1.10.2.min.js
INFO: [ app_init ] --START--
INFO: Run Behavior\BuildLiteBehavior [ RunTime:0.000013s ]
INFO: [ app_init ] --END-- [ RunTime:0.000280s ]
ERR: 无法加载模块:Public

[ 2016-06-13T02:29:04+08:00 ] ::1 /0/1/Public/Home/images/reg_bg.jpg
INFO: [ app_init ] --START--
INFO: Run Behavior\BuildLiteBehavior [ RunTime:0.000011s ]
INFO: [ app_init ] --END-- [ RunTime:0.000232s ]
ERR: 无法加载模块:Public

[ 2016-06-13T02:32:53+08:00 ] ::1 /0/1/Public/Home//blog/image-gallery2.jpg
INFO: [ app_init ] --START--
INFO: Run Behavior\BuildLiteBehavior [ RunTime:0.000013s ]
INFO: [ app_init ] --END-- [ RunTime:0.000288s ]
ERR: 无法加载模块:Public

[ 2016-06-13T02:32:53+08:00 ] ::1 /0/1/Public/Home//blog/image-gallery2.jpg
INFO: [ app_init ] --START--
INFO: Run Behavior\BuildLiteBehavior [ RunTime:0.000013s ]
INFO: [ app_init ] --END-- [ RunTime:0.000251s ]
ERR: 无法加载模块:Public

[ 2016-06-13T02:32:53+08:00 ] ::1 /0/1/player.vimeo.com/video/12158329@color=ffffff
INFO: [ app_init ] --START--
INFO: Run Behavior\BuildLiteBehavior [ RunTime:0.000012s ]
INFO: [ app_init ] --END-- [ RunTime:0.000257s ]
ERR: 无法加载模块:Player.vimeo.com

[ 2016-06-13T02:32:53+08:00 ] ::1 /0/1/api.flickr.com/services/feeds/default.htmphotos_public.gne?lang=en-us&format=json&jsoncallback=jQuery17101407342724523747_1465756373374&id=58842866@N08&tags=architecture&_=1465756373835
INFO: [ app_init ] --START--
INFO: Run Behavior\BuildLiteBehavior [ RunTime:0.000011s ]
INFO: [ app_init ] --END-- [ RunTime:0.000239s ]
ERR: 无法加载模块:Api.flickr.com

[ 2016-06-13T03:26:11+08:00 ] ::1 /0/1/platform.twitter.com/widgets.js?_=1465759571151
INFO: [ app_init ] --START--
INFO: Run Behavior\BuildLiteBehavior [ RunTime:0.000013s ]
INFO: [ app_init ] --END-- [ RunTime:0.000263s ]
ERR: 无法加载模块:Platform.twitter.com

[ 2016-06-13T03:32:04+08:00 ] ::1 /0/1/api.flickr.com/services/feeds/default.htmphotos_public.gne?lang=en-us&format=json&jsoncallback=jQuery1710517822089685412_1465759923770&id=58842866@N08&tags=architecture&_=1465759924454
INFO: [ app_init ] --START--
INFO: Run Behavior\BuildLiteBehavior [ RunTime:0.000013s ]
INFO: [ app_init ] --END-- [ RunTime:0.000370s ]
ERR: 无法加载模块:Api.flickr.com

[ 2016-06-13T03:47:50+08:00 ] ::1 /0/1/Public/Home//blog/image-gallery2.jpg
INFO: [ app_init ] --START--
INFO: Run Behavior\BuildLiteBehavior [ RunTime:0.000012s ]
INFO: [ app_init ] --END-- [ RunTime:0.000300s ]
ERR: 无法加载模块:Public

[ 2016-06-13T03:47:51+08:00 ] ::1 /0/1/Public/Home//blog/image-gallery2.jpg
INFO: [ app_init ] --START--
INFO: Run Behavior\BuildLiteBehavior [ RunTime:0.000012s ]
INFO: [ app_init ] --END-- [ RunTime:0.000244s ]
ERR: 无法加载模块:Public

[ 2016-06-13T03:47:51+08:00 ] ::1 /0/1/player.vimeo.com/video/12158329@color=ffffff
INFO: [ app_init ] --START--
INFO: Run Behavior\BuildLiteBehavior [ RunTime:0.000019s ]
INFO: [ app_init ] --END-- [ RunTime:0.000384s ]
ERR: 无法加载模块:Player.vimeo.com

[ 2016-06-13T03:47:51+08:00 ] ::1 /0/1/api.flickr.com/services/feeds/default.htmphotos_public.gne?lang=en-us&format=json&jsoncallback=jQuery171016792896265533708_1465760870797&id=58842866@N08&tags=architecture&_=1465760871566
INFO: [ app_init ] --START--
INFO: Run Behavior\BuildLiteBehavior [ RunTime:0.000012s ]
INFO: [ app_init ] --END-- [ RunTime:0.000260s ]
ERR: 无法加载模块:Api.flickr.com

[ 2016-06-13T04:02:09+08:00 ] ::1 /0/1/platform.twitter.com/widgets.js?_=1465761729435
INFO: [ app_init ] --START--
INFO: Run Behavior\BuildLiteBehavior [ RunTime:0.000013s ]
INFO: [ app_init ] --END-- [ RunTime:0.000253s ]
ERR: 无法加载模块:Platform.twitter.com

[ 2016-06-13T04:02:21+08:00 ] ::1 /0/1/platform.twitter.com/widgets.js?_=1465761741220
INFO: [ app_init ] --START--
INFO: Run Behavior\BuildLiteBehavior [ RunTime:0.000013s ]
INFO: [ app_init ] --END-- [ RunTime:0.000259s ]
ERR: 无法加载模块:Platform.twitter.com

[ 2016-06-13T04:09:52+08:00 ] ::1 /0/1/api.flickr.com/services/feeds/default.htmphotos_public.gne?lang=en-us&format=json&jsoncallback=jQuery17104027847405046846_1465762192101&id=58842866@N08&tags=architecture&_=1465762192813
INFO: [ app_init ] --START--
INFO: Run Behavior\BuildLiteBehavior [ RunTime:0.000012s ]
INFO: [ app_init ] --END-- [ RunTime:0.000267s ]
ERR: 无法加载模块:Api.flickr.com

[ 2016-06-13T04:10:40+08:00 ] ::1 /0/1/Public/Home//blog/image-gallery2.jpg
INFO: [ app_init ] --START--
INFO: Run Behavior\BuildLiteBehavior [ RunTime:0.000012s ]
INFO: [ app_init ] --END-- [ RunTime:0.000233s ]
ERR: 无法加载模块:Public

[ 2016-06-13T04:10:41+08:00 ] ::1 /0/1/Public/Home//blog/image-gallery2.jpg
INFO: [ app_init ] --START--
INFO: Run Behavior\BuildLiteBehavior [ RunTime:0.000015s ]
INFO: [ app_init ] --END-- [ RunTime:0.000327s ]
ERR: 无法加载模块:Public

[ 2016-06-13T04:10:41+08:00 ] ::1 /0/1/player.vimeo.com/video/12158329@color=ffffff
INFO: [ app_init ] --START--
INFO: Run Behavior\BuildLiteBehavior [ RunTime:0.000019s ]
INFO: [ app_init ] --END-- [ RunTime:0.000344s ]
ERR: 无法加载模块:Player.vimeo.com

[ 2016-06-13T04:10:41+08:00 ] ::1 /0/1/api.flickr.com/services/feeds/default.htmphotos_public.gne?lang=en-us&format=json&jsoncallback=jQuery17106666046128411085_1465762240854&id=58842866@N08&tags=architecture&_=1465762241786
INFO: [ app_init ] --START--
INFO: Run Behavior\BuildLiteBehavior [ RunTime:0.000011s ]
INFO: [ app_init ] --END-- [ RunTime:0.000240s ]
ERR: 无法加载模块:Api.flickr.com

[ 2016-06-13T04:11:43+08:00 ] ::1 /0/1/Public/Home//blog/image-gallery2.jpg
INFO: [ app_init ] --START--
INFO: Run Behavior\BuildLiteBehavior [ RunTime:0.000012s ]
INFO: [ app_init ] --END-- [ RunTime:0.000258s ]
ERR: 无法加载模块:Public

[ 2016-06-13T04:11:44+08:00 ] ::1 /0/1/Public/Home//blog/image-gallery2.jpg
INFO: [ app_init ] --START--
INFO: Run Behavior\BuildLiteBehavior [ RunTime:0.000012s ]
INFO: [ app_init ] --END-- [ RunTime:0.000242s ]
ERR: 无法加载模块:Public

[ 2016-06-13T04:11:44+08:00 ] ::1 /0/1/player.vimeo.com/video/12158329@color=ffffff
INFO: [ app_init ] --START--
INFO: Run Behavior\BuildLiteBehavior [ RunTime:0.000021s ]
INFO: [ app_init ] --END-- [ RunTime:0.000337s ]
ERR: 无法加载模块:Player.vimeo.com

[ 2016-06-13T04:11:44+08:00 ] ::1 /0/1/api.flickr.com/services/feeds/default.htmphotos_public.gne?lang=en-us&format=json&jsoncallback=jQuery1710678546290381995_1465762304032&id=58842866@N08&tags=architecture&_=1465762304879
INFO: [ app_init ] --START--
INFO: Run Behavior\BuildLiteBehavior [ RunTime:0.000016s ]
INFO: [ app_init ] --END-- [ RunTime:0.000279s ]
ERR: 无法加载模块:Api.flickr.com

[ 2016-06-13T09:29:46+08:00 ] ::1 /0/1/api.flickr.com/services/feeds/default.htmphotos_public.gne?lang=en-us&format=json&jsoncallback=jQuery17109426449031018787_1465781385747&id=58842866@N08&tags=architecture&_=1465781386653
INFO: [ app_init ] --START--
INFO: Run Behavior\BuildLiteBehavior [ RunTime:0.000015s ]
INFO: [ app_init ] --END-- [ RunTime:0.000292s ]
ERR: 无法加载模块:Api.flickr.com

[ 2016-06-13T11:40:28+08:00 ] ::1 /0/1/platform.twitter.com/widgets.js?_=1465789228252
INFO: [ app_init ] --START--
INFO: Run Behavior\BuildLiteBehavior [ RunTime:0.000027s ]
INFO: [ app_init ] --END-- [ RunTime:0.000599s ]
ERR: 无法加载模块:Platform.twitter.com

[ 2016-06-13T11:41:40+08:00 ] ::1 /0/1/platform.twitter.com/widgets.js?_=1465789300435
INFO: [ app_init ] --START--
INFO: Run Behavior\BuildLiteBehavior [ RunTime:0.000012s ]
INFO: [ app_init ] --END-- [ RunTime:0.000242s ]
ERR: 无法加载模块:Platform.twitter.com

[ 2016-06-13T11:41:46+08:00 ] ::1 /0/1/platform.twitter.com/widgets.js?_=1465789306225
INFO: [ app_init ] --START--
INFO: Run Behavior\BuildLiteBehavior [ RunTime:0.000013s ]
INFO: [ app_init ] --END-- [ RunTime:0.000250s ]
ERR: 无法加载模块:Platform.twitter.com

[ 2016-06-13T11:41:49+08:00 ] ::1 /0/1/platform.twitter.com/widgets.js?_=1465789309582
INFO: [ app_init ] --START--
INFO: Run Behavior\BuildLiteBehavior [ RunTime:0.000013s ]
INFO: [ app_init ] --END-- [ RunTime:0.000238s ]
ERR: 无法加载模块:Platform.twitter.com

[ 2016-06-13T11:44:02+08:00 ] ::1 /0/1/platform.twitter.com/widgets.js?_=1465789442402
INFO: [ app_init ] --START--
INFO: Run Behavior\BuildLiteBehavior [ RunTime:0.000012s ]
INFO: [ app_init ] --END-- [ RunTime:0.000251s ]
ERR: 无法加载模块:Platform.twitter.com

[ 2016-06-13T11:44:06+08:00 ] ::1 /0/1/platform.twitter.com/widgets.js?_=1465789446555
INFO: [ app_init ] --START--
INFO: Run Behavior\BuildLiteBehavior [ RunTime:0.000016s ]
INFO: [ app_init ] --END-- [ RunTime:0.000289s ]
ERR: 无法加载模块:Platform.twitter.com

[ 2016-06-13T11:44:08+08:00 ] ::1 /0/1/platform.twitter.com/widgets.js?_=1465789448311
INFO: [ app_init ] --START--
INFO: Run Behavior\BuildLiteBehavior [ RunTime:0.000021s ]
INFO: [ app_init ] --END-- [ RunTime:0.000454s ]
ERR: 无法加载模块:Platform.twitter.com

[ 2016-06-13T11:44:10+08:00 ] ::1 /0/1/platform.twitter.com/widgets.js?_=1465789450136
INFO: [ app_init ] --START--
INFO: Run Behavior\BuildLiteBehavior [ RunTime:0.000013s ]
INFO: [ app_init ] --END-- [ RunTime:0.000241s ]
ERR: 无法加载模块:Platform.twitter.com

[ 2016-06-13T12:25:20+08:00 ] ::1 /0/1/platform.twitter.com/widgets.js?_=1465791920656
INFO: [ app_init ] --START--
INFO: Run Behavior\BuildLiteBehavior [ RunTime:0.000013s ]
INFO: [ app_init ] --END-- [ RunTime:0.000292s ]
ERR: 无法加载模块:Platform.twitter.com

[ 2016-06-13T12:25:26+08:00 ] ::1 /0/1/platform.twitter.com/widgets.js?_=1465791926516
INFO: [ app_init ] --START--
INFO: Run Behavior\BuildLiteBehavior [ RunTime:0.000017s ]
INFO: [ app_init ] --END-- [ RunTime:0.000288s ]
ERR: 无法加载模块:Platform.twitter.com

[ 2016-06-13T12:25:28+08:00 ] ::1 /0/1/platform.twitter.com/widgets.js?_=1465791928065
INFO: [ app_init ] --START--
INFO: Run Behavior\BuildLiteBehavior [ RunTime:0.000013s ]
INFO: [ app_init ] --END-- [ RunTime:0.000242s ]
ERR: 无法加载模块:Platform.twitter.com

[ 2016-06-13T12:25:30+08:00 ] ::1 /0/1/platform.twitter.com/widgets.js?_=1465791930231
INFO: [ app_init ] --START--
INFO: Run Behavior\BuildLiteBehavior [ RunTime:0.000012s ]
INFO: [ app_init ] --END-- [ RunTime:0.000248s ]
ERR: 无法加载模块:Platform.twitter.com

[ 2016-06-13T12:27:52+08:00 ] ::1 /0/1/api.flickr.com/services/feeds/default.htmphotos_public.gne?lang=en-us&format=json&jsoncallback=jQuery171018682184033245364_1465792071285&id=58842866@N08&tags=architecture&_=1465792072200
INFO: [ app_init ] --START--
INFO: Run Behavior\BuildLiteBehavior [ RunTime:0.000012s ]
INFO: [ app_init ] --END-- [ RunTime:0.000280s ]
ERR: 无法加载模块:Api.flickr.com

[ 2016-06-13T12:35:42+08:00 ] ::1 /0/1/Public/Home//blog/image-gallery2.jpg
INFO: [ app_init ] --START--
INFO: Run Behavior\BuildLiteBehavior [ RunTime:0.000017s ]
INFO: [ app_init ] --END-- [ RunTime:0.000261s ]
ERR: 无法加载模块:Public

[ 2016-06-13T12:35:43+08:00 ] ::1 /0/1/Public/Home//blog/image-gallery2.jpg
INFO: [ app_init ] --START--
INFO: Run Behavior\BuildLiteBehavior [ RunTime:0.000012s ]
INFO: [ app_init ] --END-- [ RunTime:0.000243s ]
ERR: 无法加载模块:Public

[ 2016-06-13T12:35:43+08:00 ] ::1 /0/1/player.vimeo.com/video/12158329@color=ffffff
INFO: [ app_init ] --START--
INFO: Run Behavior\BuildLiteBehavior [ RunTime:0.000014s ]
INFO: [ app_init ] --END-- [ RunTime:0.000277s ]
ERR: 无法加载模块:Player.vimeo.com

[ 2016-06-13T12:35:43+08:00 ] ::1 /0/1/api.flickr.com/services/feeds/default.htmphotos_public.gne?lang=en-us&format=json&jsoncallback=jQuery17109237404871613353_1465792542775&id=58842866@N08&tags=architecture&_=1465792543750
INFO: [ app_init ] --START--
INFO: Run Behavior\BuildLiteBehavior [ RunTime:0.000012s ]
INFO: [ app_init ] --END-- [ RunTime:0.000244s ]
ERR: 无法加载模块:Api.flickr.com

[ 2016-06-13T12:36:07+08:00 ] ::1 /0/1/api.flickr.com/services/feeds/default.htmphotos_public.gne?lang=en-us&format=json&jsoncallback=jQuery17109235753233193787_1465792566404&id=58842866@N08&tags=architecture&_=1465792567454
INFO: [ app_init ] --START--
INFO: Run Behavior\BuildLiteBehavior [ RunTime:0.000012s ]
INFO: [ app_init ] --END-- [ RunTime:0.000264s ]
ERR: 无法加载模块:Api.flickr.com

[ 2016-06-13T12:39:16+08:00 ] ::1 /0/1/api.flickr.com/services/feeds/default.htmphotos_public.gne?lang=en-us&format=json&jsoncallback=jQuery17104070848228688858_1465792754968&id=58842866@N08&tags=architecture&_=1465792755999
INFO: [ app_init ] --START--
INFO: Run Behavior\BuildLiteBehavior [ RunTime:0.000013s ]
INFO: [ app_init ] --END-- [ RunTime:0.000288s ]
ERR: 无法加载模块:Api.flickr.com

[ 2016-06-13T12:43:28+08:00 ] ::1 /0/1/api.flickr.com/services/feeds/default.htmphotos_public.gne?lang=en-us&format=json&jsoncallback=jQuery171040033508193324185_1465793007366&id=58842866@N08&tags=architecture&_=1465793008446
INFO: [ app_init ] --START--
INFO: Run Behavior\BuildLiteBehavior [ RunTime:0.000017s ]
INFO: [ app_init ] --END-- [ RunTime:0.000354s ]
ERR: 无法加载模块:Api.flickr.com

[ 2016-06-13T12:44:31+08:00 ] ::1 /0/1/api.flickr.com/services/feeds/default.htmphotos_public.gne?lang=en-us&format=json&jsoncallback=jQuery171039901799790674963_1465793069961&id=58842866@N08&tags=architecture&_=1465793071026
INFO: [ app_init ] --START--
INFO: Run Behavior\BuildLiteBehavior [ RunTime:0.000018s ]
INFO: [ app_init ] --END-- [ RunTime:0.000314s ]
ERR: 无法加载模块:Api.flickr.com

[ 2016-06-13T12:44:53+08:00 ] ::1 /0/1/api.flickr.com/services/feeds/default.htmphotos_public.gne?lang=en-us&format=json&jsoncallback=jQuery171011106890782320744_1465793092793&id=58842866@N08&tags=architecture&_=1465793093696
INFO: [ app_init ] --START--
INFO: Run Behavior\BuildLiteBehavior [ RunTime:0.000012s ]
INFO: [ app_init ] --END-- [ RunTime:0.000271s ]
ERR: 无法加载模块:Api.flickr.com

[ 2016-06-13T12:51:11+08:00 ] ::1 /0/1/api.flickr.com/services/feeds/default.htmphotos_public.gne?lang=en-us&format=json&jsoncallback=jQuery17109915200757850625_1465793470292&id=58842866@N08&tags=architecture&_=1465793471364
INFO: [ app_init ] --START--
INFO: Run Behavior\BuildLiteBehavior [ RunTime:0.000020s ]
INFO: [ app_init ] --END-- [ RunTime:0.000411s ]
ERR: 无法加载模块:Api.flickr.com

[ 2016-06-13T12:55:46+08:00 ] ::1 /0/1/api.flickr.com/services/feeds/default.htmphotos_public.gne?lang=en-us&format=json&jsoncallback=jQuery17106291547597006697_1465793745542&id=58842866@N08&tags=architecture&_=1465793746620
INFO: [ app_init ] --START--
INFO: Run Behavior\BuildLiteBehavior [ RunTime:0.000017s ]
INFO: [ app_init ] --END-- [ RunTime:0.000345s ]
ERR: 无法加载模块:Api.flickr.com

[ 2016-06-13T12:56:20+08:00 ] ::1 /0/1/api.flickr.com/services/feeds/default.htmphotos_public.gne?lang=en-us&format=json&jsoncallback=jQuery171003372416346920071_1465793778925&id=58842866@N08&tags=architecture&_=1465793780107
INFO: [ app_init ] --START--
INFO: Run Behavior\BuildLiteBehavior [ RunTime:0.000012s ]
INFO: [ app_init ] --END-- [ RunTime:0.000263s ]
ERR: 无法加载模块:Api.flickr.com

[ 2016-06-13T12:56:50+08:00 ] ::1 /0/1/api.flickr.com/services/feeds/default.htmphotos_public.gne?lang=en-us&format=json&jsoncallback=jQuery17108763656797673949_1465793809039&id=58842866@N08&tags=architecture&_=1465793810223
INFO: [ app_init ] --START--
INFO: Run Behavior\BuildLiteBehavior [ RunTime:0.000019s ]
INFO: [ app_init ] --END-- [ RunTime:0.000394s ]
ERR: 无法加载模块:Api.flickr.com

[ 2016-06-13T12:59:11+08:00 ] ::1 /0/1/api.flickr.com/services/feeds/default.htmphotos_public.gne?lang=en-us&format=json&jsoncallback=jQuery171008142472241638077_1465793950659&id=58842866@N08&tags=architecture&_=1465793951862
INFO: [ app_init ] --START--
INFO: Run Behavior\BuildLiteBehavior [ RunTime:0.000013s ]
INFO: [ app_init ] --END-- [ RunTime:0.000353s ]
ERR: 无法加载模块:Api.flickr.com

[ 2016-06-13T13:16:38+08:00 ] ::1 /0/1/api.flickr.com/services/feeds/default.htmphotos_public.gne?lang=en-us&format=json&jsoncallback=jQuery17108746362179075882_1465794997265&id=58842866@N08&tags=architecture&_=1465794998332
INFO: [ app_init ] --START--
INFO: Run Behavior\BuildLiteBehavior [ RunTime:0.000026s ]
INFO: [ app_init ] --END-- [ RunTime:0.000325s ]
ERR: 无法加载模块:Api.flickr.com

[ 2016-06-13T13:17:12+08:00 ] ::1 /0/1/api.flickr.com/services/feeds/default.htmphotos_public.gne?lang=en-us&format=json&jsoncallback=jQuery171010595866119297681_1465795031493&id=58842866@N08&tags=architecture&_=1465795032718
INFO: [ app_init ] --START--
INFO: Run Behavior\BuildLiteBehavior [ RunTime:0.000021s ]
INFO: [ app_init ] --END-- [ RunTime:0.000354s ]
ERR: 无法加载模块:Api.flickr.com

[ 2016-06-13T13:18:14+08:00 ] ::1 /0/1/api.flickr.com/services/feeds/default.htmphotos_public.gne?lang=en-us&format=json&jsoncallback=jQuery1710728493357813059_1465795093861&id=58842866@N08&tags=architecture&_=1465795094009
INFO: [ app_init ] --START--
INFO: Run Behavior\BuildLiteBehavior [ RunTime:0.000019s ]
INFO: [ app_init ] --END-- [ RunTime:0.000306s ]
ERR: 无法加载模块:Api.flickr.com

[ 2016-06-13T13:18:27+08:00 ] ::1 /0/1/api.flickr.com/services/feeds/default.htmphotos_public.gne?lang=en-us&format=json&jsoncallback=jQuery171036346373220008144_1465795107055&id=58842866@N08&tags=architecture&_=1465795107391
INFO: [ app_init ] --START--
INFO: Run Behavior\BuildLiteBehavior [ RunTime:0.000011s ]
INFO: [ app_init ] --END-- [ RunTime:0.000266s ]
ERR: 无法加载模块:Api.flickr.com

[ 2016-06-13T13:19:16+08:00 ] ::1 /0/1/api.flickr.com/services/feeds/default.htmphotos_public.gne?lang=en-us&format=json&jsoncallback=jQuery17103914613950010649_1465795155539&id=58842866@N08&tags=architecture&_=1465795156022
INFO: [ app_init ] --START--
INFO: Run Behavior\BuildLiteBehavior [ RunTime:0.000015s ]
INFO: [ app_init ] --END-- [ RunTime:0.000335s ]
ERR: 无法加载模块:Api.flickr.com

[ 2016-06-13T13:19:53+08:00 ] ::1 /0/1/api.flickr.com/services/feeds/default.htmphotos_public.gne?lang=en-us&format=json&jsoncallback=jQuery171041343691490395074_1465795192831&id=58842866@N08&tags=architecture&_=1465795193318
INFO: [ app_init ] --START--
INFO: Run Behavior\BuildLiteBehavior [ RunTime:0.000023s ]
INFO: [ app_init ] --END-- [ RunTime:0.000261s ]
ERR: 无法加载模块:Api.flickr.com

[ 2016-06-13T13:24:37+08:00 ] ::1 /0/1/api.flickr.com/services/feeds/default.htmphotos_public.gne?lang=en-us&format=json&jsoncallback=jQuery171015508803620458578_1465795477155&id=58842866@N08&tags=architecture&_=1465795477581
INFO: [ app_init ] --START--
INFO: Run Behavior\BuildLiteBehavior [ RunTime:0.000012s ]
INFO: [ app_init ] --END-- [ RunTime:0.000322s ]
ERR: 无法加载模块:Api.flickr.com

[ 2016-06-13T13:25:44+08:00 ] ::1 /0/1/api.flickr.com/services/feeds/default.htmphotos_public.gne?lang=en-us&format=json&jsoncallback=jQuery17103173896877629616_1465795543929&id=58842866@N08&tags=architecture&_=1465795544354
INFO: [ app_init ] --START--
INFO: Run Behavior\BuildLiteBehavior [ RunTime:0.000011s ]
INFO: [ app_init ] --END-- [ RunTime:0.000298s ]
ERR: 无法加载模块:Api.flickr.com

[ 2016-06-13T13:27:22+08:00 ] ::1 /0/1/api.flickr.com/services/feeds/default.htmphotos_public.gne?lang=en-us&format=json&jsoncallback=jQuery171024667866316145204_1465795642385&id=58842866@N08&tags=architecture&_=1465795642808
INFO: [ app_init ] --START--
INFO: Run Behavior\BuildLiteBehavior [ RunTime:0.000012s ]
INFO: [ app_init ] --END-- [ RunTime:0.000270s ]
ERR: 无法加载模块:Api.flickr.com

[ 2016-06-13T13:29:58+08:00 ] ::1 /0/1/api.flickr.com/services/feeds/default.htmphotos_public.gne?lang=en-us&format=json&jsoncallback=jQuery171006249735909729792_1465795798385&id=58842866@N08&tags=architecture&_=1465795798886
INFO: [ app_init ] --START--
INFO: Run Behavior\BuildLiteBehavior [ RunTime:0.000013s ]
INFO: [ app_init ] --END-- [ RunTime:0.000280s ]
ERR: 无法加载模块:Api.flickr.com

[ 2016-06-13T13:31:33+08:00 ] ::1 /0/1/api.flickr.com/services/feeds/default.htmphotos_public.gne?lang=en-us&format=json&jsoncallback=jQuery17104829774688054661_1465795893129&id=58842866@N08&tags=architecture&_=1465795893590
INFO: [ app_init ] --START--
INFO: Run Behavior\BuildLiteBehavior [ RunTime:0.000011s ]
INFO: [ app_init ] --END-- [ RunTime:0.000269s ]
ERR: 无法加载模块:Api.flickr.com

[ 2016-06-13T13:35:02+08:00 ] ::1 /0/1/api.flickr.com/services/feeds/default.htmphotos_public.gne?lang=en-us&format=json&jsoncallback=jQuery17108787740501760001_1465796102147&id=58842866@N08&tags=architecture&_=1465796102658
INFO: [ app_init ] --START--
INFO: Run Behavior\BuildLiteBehavior [ RunTime:0.000012s ]
INFO: [ app_init ] --END-- [ RunTime:0.000261s ]
ERR: 无法加载模块:Api.flickr.com

[ 2016-06-13T13:35:32+08:00 ] ::1 /0/1/api.flickr.com/services/feeds/default.htmphotos_public.gne?lang=en-us&format=json&jsoncallback=jQuery171028597987242072553_1465796132146&id=58842866@N08&tags=architecture&_=1465796132599
INFO: [ app_init ] --START--
INFO: Run Behavior\BuildLiteBehavior [ RunTime:0.000023s ]
INFO: [ app_init ] --END-- [ RunTime:0.000338s ]
ERR: 无法加载模块:Api.flickr.com

[ 2016-06-13T13:37:26+08:00 ] ::1 /0/1/api.flickr.com/services/feeds/default.htmphotos_public.gne?lang=en-us&format=json&jsoncallback=jQuery17103194028746894604_1465796245756&id=58842866@N08&tags=architecture&_=1465796246169
INFO: [ app_init ] --START--
INFO: Run Behavior\BuildLiteBehavior [ RunTime:0.000018s ]
INFO: [ app_init ] --END-- [ RunTime:0.000262s ]
ERR: 无法加载模块:Api.flickr.com

[ 2016-06-13T13:37:55+08:00 ] ::1 /0/1/api.flickr.com/services/feeds/default.htmphotos_public.gne?lang=en-us&format=json&jsoncallback=jQuery17106849680100755994_1465796274793&id=58842866@N08&tags=architecture&_=1465796275249
INFO: [ app_init ] --START--
INFO: Run Behavior\BuildLiteBehavior [ RunTime:0.000013s ]
INFO: [ app_init ] --END-- [ RunTime:0.000305s ]
ERR: 无法加载模块:Api.flickr.com

[ 2016-06-13T13:39:13+08:00 ] ::1 /0/1/api.flickr.com/services/feeds/default.htmphotos_public.gne?lang=en-us&format=json&jsoncallback=jQuery17108135720283931916_1465796352871&id=58842866@N08&tags=architecture&_=1465796353392
INFO: [ app_init ] --START--
INFO: Run Behavior\BuildLiteBehavior [ RunTime:0.000012s ]
INFO: [ app_init ] --END-- [ RunTime:0.000280s ]
ERR: 无法加载模块:Api.flickr.com

[ 2016-06-13T13:39:32+08:00 ] ::1 /0/1/api.flickr.com/services/feeds/default.htmphotos_public.gne?lang=en-us&format=json&jsoncallback=jQuery171042075279772243346_1465796372194&id=58842866@N08&tags=architecture&_=1465796372672
INFO: [ app_init ] --START--
INFO: Run Behavior\BuildLiteBehavior [ RunTime:0.000014s ]
INFO: [ app_init ] --END-- [ RunTime:0.000278s ]
ERR: 无法加载模块:Api.flickr.com

[ 2016-06-13T13:39:47+08:00 ] ::1 /0/1/api.flickr.com/services/feeds/default.htmphotos_public.gne?lang=en-us&format=json&jsoncallback=jQuery171007942255679544274_1465796386552&id=58842866@N08&tags=architecture&_=1465796387332
INFO: [ app_init ] --START--
INFO: Run Behavior\BuildLiteBehavior [ RunTime:0.000012s ]
INFO: [ app_init ] --END-- [ RunTime:0.000320s ]
ERR: 无法加载模块:Api.flickr.com

[ 2016-06-13T13:39:51+08:00 ] ::1 /0/1/api.flickr.com/services/feeds/default.htmphotos_public.gne?lang=en-us&format=json&jsoncallback=jQuery17102116775313626843_1465796390911&id=58842866@N08&tags=architecture&_=1465796391378
INFO: [ app_init ] --START--
INFO: Run Behavior\BuildLiteBehavior [ RunTime:0.000011s ]
INFO: [ app_init ] --END-- [ RunTime:0.000383s ]
ERR: 无法加载模块:Api.flickr.com

[ 2016-06-13T13:39:58+08:00 ] ::1 /0/1/api.flickr.com/services/feeds/default.htmphotos_public.gne?lang=en-us&format=json&jsoncallback=jQuery17103063794277568638_1465796398093&id=58842866@N08&tags=architecture&_=1465796398590
INFO: [ app_init ] --START--
INFO: Run Behavior\BuildLiteBehavior [ RunTime:0.000012s ]
INFO: [ app_init ] --END-- [ RunTime:0.000307s ]
ERR: 无法加载模块:Api.flickr.com

[ 2016-06-13T13:40:02+08:00 ] ::1 /0/1/api.flickr.com/services/feeds/default.htmphotos_public.gne?lang=en-us&format=json&jsoncallback=jQuery171038527395890828453_1465796402287&id=58842866@N08&tags=architecture&_=1465796402836
INFO: [ app_init ] --START--
INFO: Run Behavior\BuildLiteBehavior [ RunTime:0.000014s ]
INFO: [ app_init ] --END-- [ RunTime:0.000293s ]
ERR: 无法加载模块:Api.flickr.com

[ 2016-06-13T13:41:02+08:00 ] ::1 /0/1/api.flickr.com/services/feeds/default.htmphotos_public.gne?lang=en-us&format=json&jsoncallback=jQuery17103517606278476878_1465796461637&id=58842866@N08&tags=architecture&_=1465796462124
INFO: [ app_init ] --START--
INFO: Run Behavior\BuildLiteBehavior [ RunTime:0.000011s ]
INFO: [ app_init ] --END-- [ RunTime:0.000274s ]
ERR: 无法加载模块:Api.flickr.com

[ 2016-06-13T13:41:05+08:00 ] ::1 /0/1/api.flickr.com/services/feeds/default.htmphotos_public.gne?lang=en-us&format=json&jsoncallback=jQuery17103215826723040862_1465796464776&id=58842866@N08&tags=architecture&_=1465796465252
INFO: [ app_init ] --START--
INFO: Run Behavior\BuildLiteBehavior [ RunTime:0.000014s ]
INFO: [ app_init ] --END-- [ RunTime:0.000351s ]
ERR: 无法加载模块:Api.flickr.com

[ 2016-06-13T13:41:17+08:00 ] ::1 /0/1/api.flickr.com/services/feeds/default.htmphotos_public.gne?lang=en-us&format=json&jsoncallback=jQuery17109388240396836798_1465796476460&id=58842866@N08&tags=architecture&_=1465796476923
INFO: [ app_init ] --START--
INFO: Run Behavior\BuildLiteBehavior [ RunTime:0.000014s ]
INFO: [ app_init ] --END-- [ RunTime:0.000321s ]
ERR: 无法加载模块:Api.flickr.com

[ 2016-06-13T13:43:34+08:00 ] ::1 /0/1/api.flickr.com/services/feeds/default.htmphotos_public.gne?lang=en-us&format=json&jsoncallback=jQuery17106523860106067194_1465796614200&id=58842866@N08&tags=architecture&_=1465796614734
INFO: [ app_init ] --START--
INFO: Run Behavior\BuildLiteBehavior [ RunTime:0.000012s ]
INFO: [ app_init ] --END-- [ RunTime:0.000349s ]
ERR: 无法加载模块:Api.flickr.com

[ 2016-06-13T13:47:05+08:00 ] ::1 /0/1/api.flickr.com/services/feeds/default.htmphotos_public.gne?lang=en-us&format=json&jsoncallback=jQuery17106647548907375104_1465796825008&id=58842866@N08&tags=architecture&_=1465796825581
INFO: [ app_init ] --START--
INFO: Run Behavior\BuildLiteBehavior [ RunTime:0.000013s ]
INFO: [ app_init ] --END-- [ RunTime:0.000312s ]
ERR: 无法加载模块:Api.flickr.com

[ 2016-06-13T13:48:29+08:00 ] ::1 /0/1/api.flickr.com/services/feeds/default.htmphotos_public.gne?lang=en-us&format=json&jsoncallback=jQuery17108126039647763657_1465796908499&id=58842866@N08&tags=architecture&_=1465796909153
INFO: [ app_init ] --START--
INFO: Run Behavior\BuildLiteBehavior [ RunTime:0.000017s ]
INFO: [ app_init ] --END-- [ RunTime:0.000261s ]
ERR: 无法加载模块:Api.flickr.com

[ 2016-06-13T13:49:01+08:00 ] ::1 /0/1/api.flickr.com/services/feeds/default.htmphotos_public.gne?lang=en-us&format=json&jsoncallback=jQuery17105634022956695727_1465796941062&id=58842866@N08&tags=architecture&_=1465796941662
INFO: [ app_init ] --START--
INFO: Run Behavior\BuildLiteBehavior [ RunTime:0.000013s ]
INFO: [ app_init ] --END-- [ RunTime:0.000347s ]
ERR: 无法加载模块:Api.flickr.com

[ 2016-06-13T13:49:09+08:00 ] ::1 /0/1/api.flickr.com/services/feeds/default.htmphotos_public.gne?lang=en-us&format=json&jsoncallback=jQuery17108598042715520283_1465796948398&id=58842866@N08&tags=architecture&_=1465796948952
INFO: [ app_init ] --START--
INFO: Run Behavior\BuildLiteBehavior [ RunTime:0.000012s ]
INFO: [ app_init ] --END-- [ RunTime:0.000336s ]
ERR: 无法加载模块:Api.flickr.com

[ 2016-06-13T13:50:48+08:00 ] ::1 /0/1/api.flickr.com/services/feeds/default.htmphotos_public.gne?lang=en-us&format=json&jsoncallback=jQuery17106502408829171511_1465797048340&id=58842866@N08&tags=architecture&_=1465797048904
INFO: [ app_init ] --START--
INFO: Run Behavior\BuildLiteBehavior [ RunTime:0.000012s ]
INFO: [ app_init ] --END-- [ RunTime:0.000291s ]
ERR: 无法加载模块:Api.flickr.com

[ 2016-06-13T13:51:14+08:00 ] ::1 /0/1/api.flickr.com/services/feeds/default.htmphotos_public.gne?lang=en-us&format=json&jsoncallback=jQuery1710549660196104852_1465797074038&id=58842866@N08&tags=architecture&_=1465797074654
INFO: [ app_init ] --START--
INFO: Run Behavior\BuildLiteBehavior [ RunTime:0.000011s ]
INFO: [ app_init ] --END-- [ RunTime:0.000263s ]
ERR: 无法加载模块:Api.flickr.com

[ 2016-06-13T13:51:45+08:00 ] ::1 /0/1/api.flickr.com/services/feeds/default.htmphotos_public.gne?lang=en-us&format=json&jsoncallback=jQuery171023011732414873642_1465797104468&id=58842866@N08&tags=architecture&_=1465797105092
INFO: [ app_init ] --START--
INFO: Run Behavior\BuildLiteBehavior [ RunTime:0.000025s ]
INFO: [ app_init ] --END-- [ RunTime:0.000357s ]
ERR: 无法加载模块:Api.flickr.com

[ 2016-06-13T13:51:50+08:00 ] ::1 /0/1/api.flickr.com/services/feeds/default.htmphotos_public.gne?lang=en-us&format=json&jsoncallback=jQuery171069912336231965_1465797109376&id=58842866@N08&tags=architecture&_=1465797110424
INFO: [ app_init ] --START--
INFO: Run Behavior\BuildLiteBehavior [ RunTime:0.000021s ]
INFO: [ app_init ] --END-- [ RunTime:0.000459s ]
ERR: 无法加载模块:Api.flickr.com

[ 2016-06-13T13:53:09+08:00 ] ::1 /0/1/api.flickr.com/services/feeds/default.htmphotos_public.gne?lang=en-us&format=json&jsoncallback=jQuery17109770478232672994_1465797189061&id=58842866@N08&tags=architecture&_=1465797189708
INFO: [ app_init ] --START--
INFO: Run Behavior\BuildLiteBehavior [ RunTime:0.000011s ]
INFO: [ app_init ] --END-- [ RunTime:0.000324s ]
ERR: 无法加载模块:Api.flickr.com

[ 2016-06-13T13:53:37+08:00 ] ::1 /0/1/api.flickr.com/services/feeds/default.htmphotos_public.gne?lang=en-us&format=json&jsoncallback=jQuery17103782563920244636_1465797217006&id=58842866@N08&tags=architecture&_=1465797217699
INFO: [ app_init ] --START--
INFO: Run Behavior\BuildLiteBehavior [ RunTime:0.000013s ]
INFO: [ app_init ] --END-- [ RunTime:0.000395s ]
ERR: 无法加载模块:Api.flickr.com

[ 2016-06-13T14:17:35+08:00 ] ::1 /0/1/api.flickr.com/services/feeds/default.htmphotos_public.gne?lang=en-us&format=json&jsoncallback=jQuery171016586671038522804_1465798654411&id=58842866@N08&tags=architecture&_=1465798655222
INFO: [ app_init ] --START--
INFO: Run Behavior\BuildLiteBehavior [ RunTime:0.000011s ]
INFO: [ app_init ] --END-- [ RunTime:0.000231s ]
ERR: 无法加载模块:Api.flickr.com

[ 2016-06-13T14:17:37+08:00 ] ::1 /0/1/api.flickr.com/services/feeds/default.htmphotos_public.gne?lang=en-us&format=json&jsoncallback=jQuery17105370659168762297_1465798657200&id=58842866@N08&tags=architecture&_=1465798657847
INFO: [ app_init ] --START--
INFO: Run Behavior\BuildLiteBehavior [ RunTime:0.000011s ]
INFO: [ app_init ] --END-- [ RunTime:0.000237s ]
ERR: 无法加载模块:Api.flickr.com

[ 2016-06-13T14:17:56+08:00 ] ::1 /0/1/api.flickr.com/services/feeds/default.htmphotos_public.gne?lang=en-us&format=json&jsoncallback=jQuery1710574955560567433_1465798675688&id=58842866@N08&tags=architecture&_=1465798676611
INFO: [ app_init ] --START--
INFO: Run Behavior\BuildLiteBehavior [ RunTime:0.000043s ]
INFO: [ app_init ] --END-- [ RunTime:0.000671s ]
ERR: 无法加载模块:Api.flickr.com

[ 2016-06-13T14:35:13+08:00 ] ::1 /0/1/platform.twitter.com/widgets.js?_=1465799713109
INFO: [ app_init ] --START--
INFO: Run Behavior\BuildLiteBehavior [ RunTime:0.000012s ]
INFO: [ app_init ] --END-- [ RunTime:0.000273s ]
ERR: 无法加载模块:Platform.twitter.com

[ 2016-06-13T14:36:58+08:00 ] ::1 /0/1/vimeo.com/7449107
INFO: [ app_init ] --START--
INFO: Run Behavior\BuildLiteBehavior [ RunTime:0.000013s ]
INFO: [ app_init ] --END-- [ RunTime:0.000254s ]
ERR: 无法加载模块:Vimeo.com

[ 2016-06-13T14:39:55+08:00 ] ::1 /0/1/platform.twitter.com/widgets.js?_=1465799995807
INFO: [ app_init ] --START--
INFO: Run Behavior\BuildLiteBehavior [ RunTime:0.000030s ]
INFO: [ app_init ] --END-- [ RunTime:0.000386s ]
ERR: 无法加载模块:Platform.twitter.com

[ 2016-06-13T21:53:28+08:00 ] ::1 /0/1/api.flickr.com/services/feeds/default.htmphotos_public.gne?lang=en-us&format=json&jsoncallback=jQuery17107867701894298599_1465826007049&id=58842866@N08&tags=architecture&_=1465826007962
INFO: [ app_init ] --START--
INFO: Run Behavior\BuildLiteBehavior [ RunTime:0.000029s ]
INFO: [ app_init ] --END-- [ RunTime:0.000355s ]
ERR: 无法加载模块:Api.flickr.com

[ 2016-06-13T21:53:56+08:00 ] ::1 /0/1/api.flickr.com/services/feeds/default.htmphotos_public.gne?lang=en-us&format=json&jsoncallback=jQuery171052876579854191_1465826035630&id=58842866@N08&tags=architecture&_=1465826036522
INFO: [ app_init ] --START--
INFO: Run Behavior\BuildLiteBehavior [ RunTime:0.000013s ]
INFO: [ app_init ] --END-- [ RunTime:0.000305s ]
ERR: 无法加载模块:Api.flickr.com

[ 2016-06-13T21:59:47+08:00 ] ::1 /0/1/platform.twitter.com/widgets.js?_=1465826387447
INFO: [ app_init ] --START--
INFO: Run Behavior\BuildLiteBehavior [ RunTime:0.000012s ]
INFO: [ app_init ] --END-- [ RunTime:0.000285s ]
ERR: 无法加载模块:Platform.twitter.com

[ 2016-06-13T22:00:12+08:00 ] ::1 /0/1/platform.twitter.com/widgets.js?_=1465826412530
INFO: [ app_init ] --START--
INFO: Run Behavior\BuildLiteBehavior [ RunTime:0.000013s ]
INFO: [ app_init ] --END-- [ RunTime:0.000258s ]
ERR: 无法加载模块:Platform.twitter.com

[ 2016-06-13T22:02:20+08:00 ] ::1 /0/1/Public/Home//0/1/Public/Home/images/portfolio/3_jj.jpg
INFO: [ app_init ] --START--
INFO: Run Behavior\BuildLiteBehavior [ RunTime:0.000013s ]
INFO: [ app_init ] --END-- [ RunTime:0.000260s ]
ERR: 无法加载模块:Public

[ 2016-06-13T22:02:21+08:00 ] ::1 /0/1/Public/Home//0/1/Public/Home/images/portfolio/3_jj.jpg
INFO: [ app_init ] --START--
INFO: Run Behavior\BuildLiteBehavior [ RunTime:0.000020s ]
INFO: [ app_init ] --END-- [ RunTime:0.000410s ]
ERR: 无法加载模块:Public

[ 2016-06-13T22:02:22+08:00 ] ::1 /0/1/Public/Home//0/1/Public/Home/images/portfolio/3_jj.jpg
INFO: [ app_init ] --START--
INFO: Run Behavior\BuildLiteBehavior [ RunTime:0.000011s ]
INFO: [ app_init ] --END-- [ RunTime:0.000226s ]
ERR: 无法加载模块:Public

[ 2016-06-13T22:06:16+08:00 ] ::1 /0/1/api.flickr.com/services/feeds/default.htmphotos_public.gne?lang=en-us&format=json&jsoncallback=jQuery17108900492510388276_1465826775590&id=58842866@N08&tags=architecture&_=1465826776564
INFO: [ app_init ] --START--
INFO: Run Behavior\BuildLiteBehavior [ RunTime:0.000012s ]
INFO: [ app_init ] --END-- [ RunTime:0.000300s ]
ERR: 无法加载模块:Api.flickr.com

[ 2016-06-13T22:12:43+08:00 ] ::1 /0/1/api.flickr.com/services/feeds/default.htmphotos_public.gne?lang=en-us&format=json&jsoncallback=jQuery1710752756052375274_1465827162693&id=58842866@N08&tags=architecture&_=1465827163808
INFO: [ app_init ] --START--
INFO: Run Behavior\BuildLiteBehavior [ RunTime:0.000012s ]
INFO: [ app_init ] --END-- [ RunTime:0.000330s ]
ERR: 无法加载模块:Api.flickr.com

[ 2016-06-13T22:12:48+08:00 ] ::1 /0/1/api.flickr.com/services/feeds/default.htmphotos_public.gne?lang=en-us&format=json&jsoncallback=jQuery17102154093805808398_1465827166581&id=58842866@N08&tags=architecture&_=1465827168581
INFO: [ app_init ] --START--
INFO: Run Behavior\BuildLiteBehavior [ RunTime:0.000012s ]
INFO: [ app_init ] --END-- [ RunTime:0.000244s ]
ERR: 无法加载模块:Api.flickr.com

[ 2016-06-13T22:14:41+08:00 ] ::1 /0/1/api.flickr.com/services/feeds/default.htmphotos_public.gne?lang=en-us&format=json&jsoncallback=jQuery17108957308707327698_1465827279814&id=58842866@N08&tags=architecture&_=1465827280945
INFO: [ app_init ] --START--
INFO: Run Behavior\BuildLiteBehavior [ RunTime:0.000023s ]
INFO: [ app_init ] --END-- [ RunTime:0.000325s ]
ERR: 无法加载模块:Api.flickr.com

[ 2016-06-13T22:14:53+08:00 ] ::1 /0/1/api.flickr.com/services/feeds/default.htmphotos_public.gne?lang=en-us&format=json&jsoncallback=jQuery1710002523416149872393_1465827292053&id=58842866@N08&tags=architecture&_=1465827293025
INFO: [ app_init ] --START--
INFO: Run Behavior\BuildLiteBehavior [ RunTime:0.000026s ]
INFO: [ app_init ] --END-- [ RunTime:0.000513s ]
ERR: 无法加载模块:Api.flickr.com

[ 2016-06-13T22:15:12+08:00 ] ::1 /0/1/api.flickr.com/services/feeds/default.htmphotos_public.gne?lang=en-us&format=json&jsoncallback=jQuery17104797343254768326_1465827311615&id=58842866@N08&tags=architecture&_=1465827312817
INFO: [ app_init ] --START--
INFO: Run Behavior\BuildLiteBehavior [ RunTime:0.000013s ]
INFO: [ app_init ] --END-- [ RunTime:0.000276s ]
ERR: 无法加载模块:Api.flickr.com

[ 2016-06-13T23:55:35+08:00 ] ::1 /0/1/api.flickr.com/services/feeds/default.htmphotos_public.gne?lang=en-us&format=json&jsoncallback=jQuery17103622464739058643_1465833335374&id=58842866@N08&tags=architecture&_=1465833335491
INFO: [ app_init ] --START--
INFO: Run Behavior\BuildLiteBehavior [ RunTime:0.000018s ]
INFO: [ app_init ] --END-- [ RunTime:0.000323s ]
ERR: 无法加载模块:Api.flickr.com

