[ 2016-06-14T00:58:22+08:00 ] ::1 /0/1/api.flickr.com/services/feeds/default.htmphotos_public.gne?lang=en-us&format=json&jsoncallback=jQuery171010986649707595231_1465837102122&id=58842866@N08&tags=architecture&_=1465837102360
INFO: [ app_init ] --START--
INFO: Run Behavior\BuildLiteBehavior [ RunTime:0.000013s ]
INFO: [ app_init ] --END-- [ RunTime:0.000303s ]
ERR: 无法加载模块:Api.flickr.com

[ 2016-06-14T00:58:24+08:00 ] ::1 /0/1/api.flickr.com/services/feeds/default.htmphotos_public.gne?lang=en-us&format=json&jsoncallback=jQuery17108668049158519182_1465837104333&id=58842866@N08&tags=architecture&_=1465837104570
INFO: [ app_init ] --START--
INFO: Run Behavior\BuildLiteBehavior [ RunTime:0.000012s ]
INFO: [ app_init ] --END-- [ RunTime:0.000259s ]
ERR: 无法加载模块:Api.flickr.com

[ 2016-06-14T01:00:54+08:00 ] ::1 /0/1/api.flickr.com/services/feeds/default.htmphotos_public.gne?lang=en-us&format=json&jsoncallback=jQuery17108115045834653188_1465837254451&id=58842866@N08&tags=architecture&_=1465837254725
INFO: [ app_init ] --START--
INFO: Run Behavior\BuildLiteBehavior [ RunTime:0.000012s ]
INFO: [ app_init ] --END-- [ RunTime:0.000250s ]
ERR: 无法加载模块:Api.flickr.com

[ 2016-06-14T01:00:59+08:00 ] ::1 /0/1/platform.twitter.com/widgets.js?_=1465837258988
INFO: [ app_init ] --START--
INFO: Run Behavior\BuildLiteBehavior [ RunTime:0.000017s ]
INFO: [ app_init ] --END-- [ RunTime:0.000357s ]
ERR: 无法加载模块:Platform.twitter.com

[ 2016-06-14T01:01:02+08:00 ] ::1 /0/1/api.flickr.com/services/feeds/default.htmphotos_public.gne?lang=en-us&format=json&jsoncallback=jQuery17106031130322457489_1465837261753&id=58842866@N08&tags=architecture&_=1465837262002
INFO: [ app_init ] --START--
INFO: Run Behavior\BuildLiteBehavior [ RunTime:0.000023s ]
INFO: [ app_init ] --END-- [ RunTime:0.000304s ]
ERR: 无法加载模块:Api.flickr.com

[ 2016-06-14T01:01:16+08:00 ] ::1 /0/1/api.flickr.com/services/feeds/default.htmphotos_public.gne?lang=en-us&format=json&jsoncallback=jQuery17108489819072966941_1465837275828&id=58842866@N08&tags=architecture&_=1465837276106
INFO: [ app_init ] --START--
INFO: Run Behavior\BuildLiteBehavior [ RunTime:0.000012s ]
INFO: [ app_init ] --END-- [ RunTime:0.000248s ]
ERR: 无法加载模块:Api.flickr.com

[ 2016-06-14T01:08:29+08:00 ] ::1 /0/1/platform.twitter.com/widgets.js?_=1465837709503
INFO: [ app_init ] --START--
INFO: Run Behavior\BuildLiteBehavior [ RunTime:0.000014s ]
INFO: [ app_init ] --END-- [ RunTime:0.000362s ]
ERR: 无法加载模块:Platform.twitter.com

[ 2016-06-14T01:53:31+08:00 ] ::1 /0/1/api.flickr.com/services/feeds/default.htmphotos_public.gne?lang=en-us&format=json&jsoncallback=jQuery17109798129872394089_1465840411467&id=58842866@N08&tags=architecture&_=1465840411742
INFO: [ app_init ] --START--
INFO: Run Behavior\BuildLiteBehavior [ RunTime:0.000013s ]
INFO: [ app_init ] --END-- [ RunTime:0.000288s ]
ERR: 无法加载模块:Api.flickr.com

[ 2016-06-14T01:53:34+08:00 ] ::1 /0/1/api.flickr.com/services/feeds/default.htmphotos_public.gne?lang=en-us&format=json&jsoncallback=jQuery171014433457388730941_1465840414635&id=58842866@N08&tags=architecture&_=1465840414895
INFO: [ app_init ] --START--
INFO: Run Behavior\BuildLiteBehavior [ RunTime:0.000100s ]
INFO: [ app_init ] --END-- [ RunTime:0.000330s ]
ERR: 无法加载模块:Api.flickr.com

[ 2016-06-14T01:57:16+08:00 ] ::1 /0/1/api.flickr.com/services/feeds/default.htmphotos_public.gne?lang=en-us&format=json&jsoncallback=jQuery17104116097797841274_1465840636207&id=58842866@N08&tags=architecture&_=1465840636496
INFO: [ app_init ] --START--
INFO: Run Behavior\BuildLiteBehavior [ RunTime:0.000033s ]
INFO: [ app_init ] --END-- [ RunTime:0.000380s ]
ERR: 无法加载模块:Api.flickr.com

[ 2016-06-14T02:00:09+08:00 ] ::1 /0/1/api.flickr.com/services/feeds/default.htmphotos_public.gne?lang=en-us&format=json&jsoncallback=jQuery171011006551585558688_1465840808957&id=58842866@N08&tags=architecture&_=1465840809297
INFO: [ app_init ] --START--
INFO: Run Behavior\BuildLiteBehavior [ RunTime:0.000015s ]
INFO: [ app_init ] --END-- [ RunTime:0.000328s ]
ERR: 无法加载模块:Api.flickr.com

[ 2016-06-14T02:00:27+08:00 ] ::1 /0/1/api.flickr.com/services/feeds/default.htmphotos_public.gne?lang=en-us&format=json&jsoncallback=jQuery17108162233569931892_1465840827567&id=58842866@N08&tags=architecture&_=1465840827853
INFO: [ app_init ] --START--
INFO: Run Behavior\BuildLiteBehavior [ RunTime:0.000011s ]
INFO: [ app_init ] --END-- [ RunTime:0.000232s ]
ERR: 无法加载模块:Api.flickr.com

[ 2016-06-14T02:00:31+08:00 ] ::1 /0/1/api.flickr.com/services/feeds/default.htmphotos_public.gne?lang=en-us&format=json&jsoncallback=jQuery171015867819833703922_1465840831516&id=58842866@N08&tags=architecture&_=1465840831845
INFO: [ app_init ] --START--
INFO: Run Behavior\BuildLiteBehavior [ RunTime:0.000012s ]
INFO: [ app_init ] --END-- [ RunTime:0.000237s ]
ERR: 无法加载模块:Api.flickr.com

[ 2016-06-14T02:02:05+08:00 ] ::1 /0/1/api.flickr.com/services/feeds/default.htmphotos_public.gne?lang=en-us&format=json&jsoncallback=jQuery17109342821936690027_1465840925228&id=58842866@N08&tags=architecture&_=1465840925599
INFO: [ app_init ] --START--
INFO: Run Behavior\BuildLiteBehavior [ RunTime:0.000012s ]
INFO: [ app_init ] --END-- [ RunTime:0.000261s ]
ERR: 无法加载模块:Api.flickr.com

[ 2016-06-14T02:02:06+08:00 ] ::1 /0/1/api.flickr.com/services/feeds/default.htmphotos_public.gne?lang=en-us&format=json&jsoncallback=jQuery171016789658025586685_1465840926452&id=58842866@N08&tags=architecture&_=1465840926775
INFO: [ app_init ] --START--
INFO: Run Behavior\BuildLiteBehavior [ RunTime:0.000014s ]
INFO: [ app_init ] --END-- [ RunTime:0.000384s ]
ERR: 无法加载模块:Api.flickr.com

[ 2016-06-14T02:02:08+08:00 ] ::1 /0/1/api.flickr.com/services/feeds/default.htmphotos_public.gne?lang=en-us&format=json&jsoncallback=jQuery17103326428037871739_1465840928357&id=58842866@N08&tags=architecture&_=1465840928671
INFO: [ app_init ] --START--
INFO: Run Behavior\BuildLiteBehavior [ RunTime:0.000011s ]
INFO: [ app_init ] --END-- [ RunTime:0.000261s ]
ERR: 无法加载模块:Api.flickr.com

[ 2016-06-14T02:02:09+08:00 ] ::1 /0/1/api.flickr.com/services/feeds/default.htmphotos_public.gne?lang=en-us&format=json&jsoncallback=jQuery17105849398676461205_1465840929149&id=58842866@N08&tags=architecture&_=1465840929450
INFO: [ app_init ] --START--
INFO: Run Behavior\BuildLiteBehavior [ RunTime:0.000012s ]
INFO: [ app_init ] --END-- [ RunTime:0.000245s ]
ERR: 无法加载模块:Api.flickr.com

[ 2016-06-14T02:02:10+08:00 ] ::1 /0/1/api.flickr.com/services/feeds/default.htmphotos_public.gne?lang=en-us&format=json&jsoncallback=jQuery17103260119900303803_1465840930124&id=58842866@N08&tags=architecture&_=1465840930424
INFO: [ app_init ] --START--
INFO: Run Behavior\BuildLiteBehavior [ RunTime:0.000013s ]
INFO: [ app_init ] --END-- [ RunTime:0.000238s ]
ERR: 无法加载模块:Api.flickr.com

[ 2016-06-14T02:02:11+08:00 ] ::1 /0/1/api.flickr.com/services/feeds/default.htmphotos_public.gne?lang=en-us&format=json&jsoncallback=jQuery17102911138480903661_1465840930946&id=58842866@N08&tags=architecture&_=1465840931259
INFO: [ app_init ] --START--
INFO: Run Behavior\BuildLiteBehavior [ RunTime:0.000013s ]
INFO: [ app_init ] --END-- [ RunTime:0.000346s ]
ERR: 无法加载模块:Api.flickr.com

[ 2016-06-14T02:02:13+08:00 ] ::1 /0/1/api.flickr.com/services/feeds/default.htmphotos_public.gne?lang=en-us&format=json&jsoncallback=jQuery17105822440161662815_1465840933074&id=58842866@N08&tags=architecture&_=1465840933385
INFO: [ app_init ] --START--
INFO: Run Behavior\BuildLiteBehavior [ RunTime:0.000012s ]
INFO: [ app_init ] --END-- [ RunTime:0.000277s ]
ERR: 无法加载模块:Api.flickr.com

[ 2016-06-14T02:02:17+08:00 ] ::1 /0/1/api.flickr.com/services/feeds/default.htmphotos_public.gne?lang=en-us&format=json&jsoncallback=jQuery171006407123502251455_1465840937107&id=58842866@N08&tags=architecture&_=1465840937474
INFO: [ app_init ] --START--
INFO: Run Behavior\BuildLiteBehavior [ RunTime:0.000011s ]
INFO: [ app_init ] --END-- [ RunTime:0.000259s ]
ERR: 无法加载模块:Api.flickr.com

[ 2016-06-14T02:23:11+08:00 ] ::1 /0/1/platform.twitter.com/widgets.js?_=1465842191803
INFO: [ app_init ] --START--
INFO: Run Behavior\BuildLiteBehavior [ RunTime:0.000014s ]
INFO: [ app_init ] --END-- [ RunTime:0.000318s ]
ERR: 无法加载模块:Platform.twitter.com

[ 2016-06-14T02:25:01+08:00 ] ::1 /0/1/platform.twitter.com/widgets.js?_=1465842301467
INFO: [ app_init ] --START--
INFO: Run Behavior\BuildLiteBehavior [ RunTime:0.000025s ]
INFO: [ app_init ] --END-- [ RunTime:0.000316s ]
ERR: 无法加载模块:Platform.twitter.com

[ 2016-06-14T02:25:03+08:00 ] ::1 /0/1/platform.twitter.com/widgets.js?_=1465842303520
INFO: [ app_init ] --START--
INFO: Run Behavior\BuildLiteBehavior [ RunTime:0.000012s ]
INFO: [ app_init ] --END-- [ RunTime:0.000233s ]
ERR: 无法加载模块:Platform.twitter.com

[ 2016-06-14T02:25:05+08:00 ] ::1 /0/1/platform.twitter.com/widgets.js?_=1465842305021
INFO: [ app_init ] --START--
INFO: Run Behavior\BuildLiteBehavior [ RunTime:0.000019s ]
INFO: [ app_init ] --END-- [ RunTime:0.000345s ]
ERR: 无法加载模块:Platform.twitter.com

[ 2016-06-14T02:26:07+08:00 ] ::1 /0/1/platform.twitter.com/widgets.js?_=1465842367309
INFO: [ app_init ] --START--
INFO: Run Behavior\BuildLiteBehavior [ RunTime:0.000014s ]
INFO: [ app_init ] --END-- [ RunTime:0.000276s ]
ERR: 无法加载模块:Platform.twitter.com

[ 2016-06-14T02:26:11+08:00 ] ::1 /0/1/platform.twitter.com/widgets.js?_=1465842371347
INFO: [ app_init ] --START--
INFO: Run Behavior\BuildLiteBehavior [ RunTime:0.000017s ]
INFO: [ app_init ] --END-- [ RunTime:0.000335s ]
ERR: 无法加载模块:Platform.twitter.com

[ 2016-06-14T02:26:13+08:00 ] ::1 /0/1/platform.twitter.com/widgets.js?_=1465842373298
INFO: [ app_init ] --START--
INFO: Run Behavior\BuildLiteBehavior [ RunTime:0.000015s ]
INFO: [ app_init ] --END-- [ RunTime:0.000265s ]
ERR: 无法加载模块:Platform.twitter.com

[ 2016-06-14T02:42:03+08:00 ] ::1 /0/1/api.flickr.com/services/feeds/default.htmphotos_public.gne?lang=en-us&format=json&jsoncallback=jQuery17106744028074648569_1465843323286&id=58842866@N08&tags=architecture&_=1465843323685
INFO: [ app_init ] --START--
INFO: Run Behavior\BuildLiteBehavior [ RunTime:0.000012s ]
INFO: [ app_init ] --END-- [ RunTime:0.000232s ]
ERR: 无法加载模块:Api.flickr.com

[ 2016-06-14T02:42:08+08:00 ] ::1 /0/1/api.flickr.com/services/feeds/default.htmphotos_public.gne?lang=en-us&format=json&jsoncallback=jQuery171010657822086042568_1465843328312&id=58842866@N08&tags=architecture&_=1465843328711
INFO: [ app_init ] --START--
INFO: Run Behavior\BuildLiteBehavior [ RunTime:0.000011s ]
INFO: [ app_init ] --END-- [ RunTime:0.000232s ]
ERR: 无法加载模块:Api.flickr.com

[ 2016-06-14T02:55:51+08:00 ] ::1 /0/1/api.flickr.com/services/feeds/default.htmphotos_public.gne?lang=en-us&format=json&jsoncallback=jQuery171022741817691949995_1465844150691&id=58842866@N08&tags=architecture&_=1465844151119
INFO: [ app_init ] --START--
INFO: Run Behavior\BuildLiteBehavior [ RunTime:0.000011s ]
INFO: [ app_init ] --END-- [ RunTime:0.000233s ]
ERR: 无法加载模块:Api.flickr.com

[ 2016-06-14T02:56:26+08:00 ] ::1 /0/1/api.flickr.com/services/feeds/default.htmphotos_public.gne?lang=en-us&format=json&jsoncallback=jQuery17106782881757734209_1465844185871&id=58842866@N08&tags=architecture&_=1465844186363
INFO: [ app_init ] --START--
INFO: Run Behavior\BuildLiteBehavior [ RunTime:0.000016s ]
INFO: [ app_init ] --END-- [ RunTime:0.000304s ]
ERR: 无法加载模块:Api.flickr.com

[ 2016-06-14T02:56:32+08:00 ] ::1 /0/1/api.flickr.com/services/feeds/default.htmphotos_public.gne?lang=en-us&format=json&jsoncallback=jQuery17107949028107516597_1465844191670&id=58842866@N08&tags=architecture&_=1465844192220
INFO: [ app_init ] --START--
INFO: Run Behavior\BuildLiteBehavior [ RunTime:0.000013s ]
INFO: [ app_init ] --END-- [ RunTime:0.000330s ]
ERR: 无法加载模块:Api.flickr.com

[ 2016-06-14T02:58:19+08:00 ] ::1 /0/1/platform.twitter.com/widgets.js?_=1465844299493
INFO: [ app_init ] --START--
INFO: Run Behavior\BuildLiteBehavior [ RunTime:0.000012s ]
INFO: [ app_init ] --END-- [ RunTime:0.000288s ]
ERR: 无法加载模块:Platform.twitter.com

[ 2016-06-14T02:58:23+08:00 ] ::1 /0/1/api.flickr.com/services/feeds/default.htmphotos_public.gne?lang=en-us&format=json&jsoncallback=jQuery17105489305945631401_1465844302798&id=58842866@N08&tags=architecture&_=1465844303315
INFO: [ app_init ] --START--
INFO: Run Behavior\BuildLiteBehavior [ RunTime:0.000011s ]
INFO: [ app_init ] --END-- [ RunTime:0.000229s ]
ERR: 无法加载模块:Api.flickr.com

[ 2016-06-14T02:58:27+08:00 ] ::1 /0/1/api.flickr.com/services/feeds/default.htmphotos_public.gne?lang=en-us&format=json&jsoncallback=jQuery1710052096898006382286_1465844307261&id=58842866@N08&tags=architecture&_=1465844307757
INFO: [ app_init ] --START--
INFO: Run Behavior\BuildLiteBehavior [ RunTime:0.000013s ]
INFO: [ app_init ] --END-- [ RunTime:0.000278s ]
ERR: 无法加载模块:Api.flickr.com

[ 2016-06-14T02:58:33+08:00 ] ::1 /0/1/api.flickr.com/services/feeds/default.htmphotos_public.gne?lang=en-us&format=json&jsoncallback=jQuery171024814636223042608_1465844312916&id=58842866@N08&tags=architecture&_=1465844313503
INFO: [ app_init ] --START--
INFO: Run Behavior\BuildLiteBehavior [ RunTime:0.000011s ]
INFO: [ app_init ] --END-- [ RunTime:0.000252s ]
ERR: 无法加载模块:Api.flickr.com

[ 2016-06-14T02:58:54+08:00 ] ::1 /0/1/api.flickr.com/services/feeds/default.htmphotos_public.gne?lang=en-us&format=json&jsoncallback=jQuery17106415337123741949_1465844334179&id=58842866@N08&tags=architecture&_=1465844334697
INFO: [ app_init ] --START--
INFO: Run Behavior\BuildLiteBehavior [ RunTime:0.000017s ]
INFO: [ app_init ] --END-- [ RunTime:0.000272s ]
ERR: 无法加载模块:Api.flickr.com

[ 2016-06-14T02:59:52+08:00 ] ::1 /0/1/api.flickr.com/services/feeds/default.htmphotos_public.gne?lang=en-us&format=json&jsoncallback=jQuery17109533110183126532_1465844391730&id=58842866@N08&tags=architecture&_=1465844392332
INFO: [ app_init ] --START--
INFO: Run Behavior\BuildLiteBehavior [ RunTime:0.000012s ]
INFO: [ app_init ] --END-- [ RunTime:0.000277s ]
ERR: 无法加载模块:Api.flickr.com

[ 2016-06-14T03:00:50+08:00 ] ::1 /0/1/api.flickr.com/services/feeds/default.htmphotos_public.gne?lang=en-us&format=json&jsoncallback=jQuery171044291011014836734_1465844449718&id=58842866@N08&tags=architecture&_=1465844450324
INFO: [ app_init ] --START--
INFO: Run Behavior\BuildLiteBehavior [ RunTime:0.000015s ]
INFO: [ app_init ] --END-- [ RunTime:0.000299s ]
ERR: 无法加载模块:Api.flickr.com

[ 2016-06-14T03:02:23+08:00 ] ::1 /0/1/api.flickr.com/services/feeds/default.htmphotos_public.gne?lang=en-us&format=json&jsoncallback=jQuery1710268397669592621_1465844542754&id=58842866@N08&tags=architecture&_=1465844543414
INFO: [ app_init ] --START--
INFO: Run Behavior\BuildLiteBehavior [ RunTime:0.000013s ]
INFO: [ app_init ] --END-- [ RunTime:0.000252s ]
ERR: 无法加载模块:Api.flickr.com

[ 2016-06-14T03:02:54+08:00 ] ::1 /0/1/api.flickr.com/services/feeds/default.htmphotos_public.gne?lang=en-us&format=json&jsoncallback=jQuery171023435965677556592_1465844574340&id=58842866@N08&tags=architecture&_=1465844574932
INFO: [ app_init ] --START--
INFO: Run Behavior\BuildLiteBehavior [ RunTime:0.000013s ]
INFO: [ app_init ] --END-- [ RunTime:0.000279s ]
ERR: 无法加载模块:Api.flickr.com

[ 2016-06-14T03:03:39+08:00 ] ::1 /0/1/api.flickr.com/services/feeds/default.htmphotos_public.gne?lang=en-us&format=json&jsoncallback=jQuery17104155915833751228_1465844618631&id=58842866@N08&tags=architecture&_=1465844619227
INFO: [ app_init ] --START--
INFO: Run Behavior\BuildLiteBehavior [ RunTime:0.000011s ]
INFO: [ app_init ] --END-- [ RunTime:0.000253s ]
ERR: 无法加载模块:Api.flickr.com

[ 2016-06-14T03:04:02+08:00 ] ::1 /0/1/api.flickr.com/services/feeds/default.htmphotos_public.gne?lang=en-us&format=json&jsoncallback=jQuery17107688533243721485_1465844641609&id=58842866@N08&tags=architecture&_=1465844642243
INFO: [ app_init ] --START--
INFO: Run Behavior\BuildLiteBehavior [ RunTime:0.000013s ]
INFO: [ app_init ] --END-- [ RunTime:0.000296s ]
ERR: 无法加载模块:Api.flickr.com

[ 2016-06-14T03:05:00+08:00 ] ::1 /0/1/api.flickr.com/services/feeds/default.htmphotos_public.gne?lang=en-us&format=json&jsoncallback=jQuery171015908237651272694_1465844699744&id=58842866@N08&tags=architecture&_=1465844700349
INFO: [ app_init ] --START--
INFO: Run Behavior\BuildLiteBehavior [ RunTime:0.000015s ]
INFO: [ app_init ] --END-- [ RunTime:0.000277s ]
ERR: 无法加载模块:Api.flickr.com

[ 2016-06-14T03:06:51+08:00 ] ::1 /0/1/api.flickr.com/services/feeds/default.htmphotos_public.gne?lang=en-us&format=json&jsoncallback=jQuery17103614633173935633_1465844810917&id=58842866@N08&tags=architecture&_=1465844811522
INFO: [ app_init ] --START--
INFO: Run Behavior\BuildLiteBehavior [ RunTime:0.000016s ]
INFO: [ app_init ] --END-- [ RunTime:0.000404s ]
ERR: 无法加载模块:Api.flickr.com

[ 2016-06-14T03:08:46+08:00 ] ::1 /0/1/api.flickr.com/services/feeds/default.htmphotos_public.gne?lang=en-us&format=json&jsoncallback=jQuery17104293950165631155_1465844925959&id=58842866@N08&tags=architecture&_=1465844926589
INFO: [ app_init ] --START--
INFO: Run Behavior\BuildLiteBehavior [ RunTime:0.000019s ]
INFO: [ app_init ] --END-- [ RunTime:0.000276s ]
ERR: 无法加载模块:Api.flickr.com

[ 2016-06-14T03:09:51+08:00 ] ::1 /0/1/api.flickr.com/services/feeds/default.htmphotos_public.gne?lang=en-us&format=json&jsoncallback=jQuery171024610971228290046_1465844990982&id=58842866@N08&tags=architecture&_=1465844991613
INFO: [ app_init ] --START--
INFO: Run Behavior\BuildLiteBehavior [ RunTime:0.000012s ]
INFO: [ app_init ] --END-- [ RunTime:0.000335s ]
ERR: 无法加载模块:Api.flickr.com

[ 2016-06-14T03:14:16+08:00 ] ::1 /0/1/api.flickr.com/services/feeds/default.htmphotos_public.gne?lang=en-us&format=json&jsoncallback=jQuery17109664008348049953_1465845256128&id=58842866@N08&tags=architecture&_=1465845256744
INFO: [ app_init ] --START--
INFO: Run Behavior\BuildLiteBehavior [ RunTime:0.000013s ]
INFO: [ app_init ] --END-- [ RunTime:0.000288s ]
ERR: 无法加载模块:Api.flickr.com

[ 2016-06-14T03:18:21+08:00 ] ::1 /0/1/api.flickr.com/services/feeds/default.htmphotos_public.gne?lang=en-us&format=json&jsoncallback=jQuery1710480954107931586_1465845500538&id=58842866@N08&tags=architecture&_=1465845501216
INFO: [ app_init ] --START--
INFO: Run Behavior\BuildLiteBehavior [ RunTime:0.000013s ]
INFO: [ app_init ] --END-- [ RunTime:0.000255s ]
ERR: 无法加载模块:Api.flickr.com

[ 2016-06-14T03:19:05+08:00 ] ::1 /0/1/api.flickr.com/services/feeds/default.htmphotos_public.gne?lang=en-us&format=json&jsoncallback=jQuery17102514065089145284_1465845544513&id=58842866@N08&tags=architecture&_=1465845545136
INFO: [ app_init ] --START--
INFO: Run Behavior\BuildLiteBehavior [ RunTime:0.000012s ]
INFO: [ app_init ] --END-- [ RunTime:0.000233s ]
ERR: 无法加载模块:Api.flickr.com

[ 2016-06-14T03:22:05+08:00 ] ::1 /0/1/api.flickr.com/services/feeds/default.htmphotos_public.gne?lang=en-us&format=json&jsoncallback=jQuery17106727531284154487_1465845724491&id=58842866@N08&tags=architecture&_=1465845725148
INFO: [ app_init ] --START--
INFO: Run Behavior\BuildLiteBehavior [ RunTime:0.000013s ]
INFO: [ app_init ] --END-- [ RunTime:0.000251s ]
ERR: 无法加载模块:Api.flickr.com

[ 2016-06-14T03:22:58+08:00 ] ::1 /0/1/api.flickr.com/services/feeds/default.htmphotos_public.gne?lang=en-us&format=json&jsoncallback=jQuery17105648821417179043_1465845777933&id=58842866@N08&tags=architecture&_=1465845778629
INFO: [ app_init ] --START--
INFO: Run Behavior\BuildLiteBehavior [ RunTime:0.000015s ]
INFO: [ app_init ] --END-- [ RunTime:0.000369s ]
ERR: 无法加载模块:Api.flickr.com

[ 2016-06-14T03:24:12+08:00 ] ::1 /0/1/api.flickr.com/services/feeds/default.htmphotos_public.gne?lang=en-us&format=json&jsoncallback=jQuery17109912417346960621_1465845852266&id=58842866@N08&tags=architecture&_=1465845852894
INFO: [ app_init ] --START--
INFO: Run Behavior\BuildLiteBehavior [ RunTime:0.000013s ]
INFO: [ app_init ] --END-- [ RunTime:0.000280s ]
ERR: 无法加载模块:Api.flickr.com

[ 2016-06-14T03:24:41+08:00 ] ::1 /0/1/api.flickr.com/services/feeds/default.htmphotos_public.gne?lang=en-us&format=json&jsoncallback=jQuery171035512152847007616_1465845881112&id=58842866@N08&tags=architecture&_=1465845881769
INFO: [ app_init ] --START--
INFO: Run Behavior\BuildLiteBehavior [ RunTime:0.000016s ]
INFO: [ app_init ] --END-- [ RunTime:0.000310s ]
ERR: 无法加载模块:Api.flickr.com

[ 2016-06-14T03:26:30+08:00 ] ::1 /0/1/api.flickr.com/services/feeds/default.htmphotos_public.gne?lang=en-us&format=json&jsoncallback=jQuery17105111065799083986_1465845989424&id=58842866@N08&tags=architecture&_=1465845990109
INFO: [ app_init ] --START--
INFO: Run Behavior\BuildLiteBehavior [ RunTime:0.000012s ]
INFO: [ app_init ] --END-- [ RunTime:0.000304s ]
ERR: 无法加载模块:Api.flickr.com

[ 2016-06-14T03:27:20+08:00 ] ::1 /0/1/api.flickr.com/services/feeds/default.htmphotos_public.gne?lang=en-us&format=json&jsoncallback=jQuery171025097185268636546_1465846039318&id=58842866@N08&tags=architecture&_=1465846040093
INFO: [ app_init ] --START--
INFO: Run Behavior\BuildLiteBehavior [ RunTime:0.000015s ]
INFO: [ app_init ] --END-- [ RunTime:0.000277s ]
ERR: 无法加载模块:Api.flickr.com

[ 2016-06-14T03:27:22+08:00 ] ::1 /0/1/platform.twitter.com/widgets.js?_=1465846042478
INFO: [ app_init ] --START--
INFO: Run Behavior\BuildLiteBehavior [ RunTime:0.000012s ]
INFO: [ app_init ] --END-- [ RunTime:0.000292s ]
ERR: 无法加载模块:Platform.twitter.com

[ 2016-06-14T03:31:41+08:00 ] ::1 /0/1/api.flickr.com/services/feeds/default.htmphotos_public.gne?lang=en-us&format=json&jsoncallback=jQuery17103192229100149183_1465846301202&id=58842866@N08&tags=architecture&_=1465846301821
INFO: [ app_init ] --START--
INFO: Run Behavior\BuildLiteBehavior [ RunTime:0.000024s ]
INFO: [ app_init ] --END-- [ RunTime:0.000378s ]
ERR: 无法加载模块:Api.flickr.com

[ 2016-06-14T03:31:58+08:00 ] ::1 /0/1/Public/Home/images/blog/inner-blog-image2.jpg
INFO: [ app_init ] --START--
INFO: Run Behavior\BuildLiteBehavior [ RunTime:0.000012s ]
INFO: [ app_init ] --END-- [ RunTime:0.000255s ]
ERR: 无法加载模块:Public

[ 2016-06-14T03:31:59+08:00 ] ::1 /0/1/Public/Home/images/blog/inner-blog-image2.jpg
INFO: [ app_init ] --START--
INFO: Run Behavior\BuildLiteBehavior [ RunTime:0.000012s ]
INFO: [ app_init ] --END-- [ RunTime:0.000235s ]
ERR: 无法加载模块:Public

[ 2016-06-14T03:31:59+08:00 ] ::1 /0/1/api.flickr.com/services/feeds/default.htmphotos_public.gne?lang=en-us&format=json&jsoncallback=jQuery171035226676541721536_1465846318913&id=58842866@N08&tags=architecture&_=1465846319672
INFO: [ app_init ] --START--
INFO: Run Behavior\BuildLiteBehavior [ RunTime:0.000022s ]
INFO: [ app_init ] --END-- [ RunTime:0.000347s ]
ERR: 无法加载模块:Api.flickr.com

[ 2016-06-14T03:33:32+08:00 ] ::1 /0/1/api.flickr.com/services/feeds/default.htmphotos_public.gne?lang=en-us&format=json&jsoncallback=jQuery171040034397504938757_1465846412074&id=58842866@N08&tags=architecture&_=1465846412781
INFO: [ app_init ] --START--
INFO: Run Behavior\BuildLiteBehavior [ RunTime:0.000012s ]
INFO: [ app_init ] --END-- [ RunTime:0.000309s ]
ERR: 无法加载模块:Api.flickr.com

[ 2016-06-14T03:34:30+08:00 ] ::1 /0/1/api.flickr.com/services/feeds/default.htmphotos_public.gne?lang=en-us&format=json&jsoncallback=jQuery171038754186540390045_1465846469839&id=58842866@N08&tags=architecture&_=1465846470573
INFO: [ app_init ] --START--
INFO: Run Behavior\BuildLiteBehavior [ RunTime:0.000017s ]
INFO: [ app_init ] --END-- [ RunTime:0.000265s ]
ERR: 无法加载模块:Api.flickr.com

[ 2016-06-14T03:35:00+08:00 ] ::1 /0/1/api.flickr.com/services/feeds/default.htmphotos_public.gne?lang=en-us&format=json&jsoncallback=jQuery17103216287672961051_1465846499395&id=58842866@N08&tags=architecture&_=1465846500138
INFO: [ app_init ] --START--
INFO: Run Behavior\BuildLiteBehavior [ RunTime:0.000016s ]
INFO: [ app_init ] --END-- [ RunTime:0.000402s ]
ERR: 无法加载模块:Api.flickr.com

[ 2016-06-14T03:35:42+08:00 ] ::1 /0/1/api.flickr.com/services/feeds/default.htmphotos_public.gne?lang=en-us&format=json&jsoncallback=jQuery171022756188287156098_1465846541736&id=58842866@N08&tags=architecture&_=1465846542439
INFO: [ app_init ] --START--
INFO: Run Behavior\BuildLiteBehavior [ RunTime:0.000016s ]
INFO: [ app_init ] --END-- [ RunTime:0.000274s ]
ERR: 无法加载模块:Api.flickr.com

[ 2016-06-14T03:37:56+08:00 ] ::1 /0/1/api.flickr.com/services/feeds/default.htmphotos_public.gne?lang=en-us&format=json&jsoncallback=jQuery17108589445875407261_1465846675621&id=58842866@N08&tags=architecture&_=1465846676314
INFO: [ app_init ] --START--
INFO: Run Behavior\BuildLiteBehavior [ RunTime:0.000028s ]
INFO: [ app_init ] --END-- [ RunTime:0.000381s ]
ERR: 无法加载模块:Api.flickr.com

[ 2016-06-14T03:38:23+08:00 ] ::1 /0/1/api.flickr.com/services/feeds/default.htmphotos_public.gne?lang=en-us&format=json&jsoncallback=jQuery17109727197146893652_1465846702890&id=58842866@N08&tags=architecture&_=1465846703597
INFO: [ app_init ] --START--
INFO: Run Behavior\BuildLiteBehavior [ RunTime:0.000018s ]
INFO: [ app_init ] --END-- [ RunTime:0.000357s ]
ERR: 无法加载模块:Api.flickr.com

[ 2016-06-14T03:39:37+08:00 ] ::1 /0/1/api.flickr.com/services/feeds/default.htmphotos_public.gne?lang=en-us&format=json&jsoncallback=jQuery1710556725637018415_1465846777069&id=58842866@N08&tags=architecture&_=1465846777777
INFO: [ app_init ] --START--
INFO: Run Behavior\BuildLiteBehavior [ RunTime:0.000012s ]
INFO: [ app_init ] --END-- [ RunTime:0.000265s ]
ERR: 无法加载模块:Api.flickr.com

[ 2016-06-14T03:42:52+08:00 ] ::1 /0/1/api.flickr.com/services/feeds/default.htmphotos_public.gne?lang=en-us&format=json&jsoncallback=jQuery17105487121023025469_1465846972122&id=58842866@N08&tags=architecture&_=1465846972841
INFO: [ app_init ] --START--
INFO: Run Behavior\BuildLiteBehavior [ RunTime:0.000011s ]
INFO: [ app_init ] --END-- [ RunTime:0.000290s ]
ERR: 无法加载模块:Api.flickr.com

[ 2016-06-14T03:43:59+08:00 ] ::1 /0/1/api.flickr.com/services/feeds/default.htmphotos_public.gne?lang=en-us&format=json&jsoncallback=jQuery17108561656008499572_1465847038342&id=58842866@N08&tags=architecture&_=1465847038999
INFO: [ app_init ] --START--
INFO: Run Behavior\BuildLiteBehavior [ RunTime:0.000011s ]
INFO: [ app_init ] --END-- [ RunTime:0.000259s ]
ERR: 无法加载模块:Api.flickr.com

[ 2016-06-14T03:44:02+08:00 ] ::1 /0/1/api.flickr.com/services/feeds/default.htmphotos_public.gne?lang=en-us&format=json&jsoncallback=jQuery17106991179020008425_1465847041876&id=58842866@N08&tags=architecture&_=1465847042505
INFO: [ app_init ] --START--
INFO: Run Behavior\BuildLiteBehavior [ RunTime:0.000013s ]
INFO: [ app_init ] --END-- [ RunTime:0.000299s ]
ERR: 无法加载模块:Api.flickr.com

[ 2016-06-14T03:44:12+08:00 ] ::1 /0/1/api.flickr.com/services/feeds/default.htmphotos_public.gne?lang=en-us&format=json&jsoncallback=jQuery17104429680545383665_1465847051430&id=58842866@N08&tags=architecture&_=1465847052106
INFO: [ app_init ] --START--
INFO: Run Behavior\BuildLiteBehavior [ RunTime:0.000012s ]
INFO: [ app_init ] --END-- [ RunTime:0.000250s ]
ERR: 无法加载模块:Api.flickr.com

[ 2016-06-14T03:45:39+08:00 ] ::1 /0/1/api.flickr.com/services/feeds/default.htmphotos_public.gne?lang=en-us&format=json&jsoncallback=jQuery171004308699426073781_1465847138387&id=58842866@N08&tags=architecture&_=1465847139177
INFO: [ app_init ] --START--
INFO: Run Behavior\BuildLiteBehavior [ RunTime:0.000013s ]
INFO: [ app_init ] --END-- [ RunTime:0.000274s ]
ERR: 无法加载模块:Api.flickr.com

[ 2016-06-14T03:46:16+08:00 ] ::1 /0/1/api.flickr.com/services/feeds/default.htmphotos_public.gne?lang=en-us&format=json&jsoncallback=jQuery17107030580262276032_1465847175974&id=58842866@N08&tags=architecture&_=1465847176638
INFO: [ app_init ] --START--
INFO: Run Behavior\BuildLiteBehavior [ RunTime:0.000028s ]
INFO: [ app_init ] --END-- [ RunTime:0.000542s ]
ERR: 无法加载模块:Api.flickr.com

[ 2016-06-14T03:52:29+08:00 ] ::1 /0/1/api.flickr.com/services/feeds/default.htmphotos_public.gne?lang=en-us&format=json&jsoncallback=jQuery17108706793080635027_1465847548918&id=58842866@N08&tags=architecture&_=1465847549638
INFO: [ app_init ] --START--
INFO: Run Behavior\BuildLiteBehavior [ RunTime:0.000018s ]
INFO: [ app_init ] --END-- [ RunTime:0.000508s ]
ERR: 无法加载模块:Api.flickr.com

[ 2016-06-14T03:52:31+08:00 ] ::1 /0/1/api.flickr.com/services/feeds/default.htmphotos_public.gne?lang=en-us&format=json&jsoncallback=jQuery1710572820697618571_1465847550736&id=58842866@N08&tags=architecture&_=1465847551468
INFO: [ app_init ] --START--
INFO: Run Behavior\BuildLiteBehavior [ RunTime:0.000014s ]
INFO: [ app_init ] --END-- [ RunTime:0.000257s ]
ERR: 无法加载模块:Api.flickr.com

[ 2016-06-14T03:55:23+08:00 ] ::1 /0/1/api.flickr.com/services/feeds/default.htmphotos_public.gne?lang=en-us&format=json&jsoncallback=jQuery17105676499279991819_1465847722837&id=58842866@N08&tags=architecture&_=1465847723638
INFO: [ app_init ] --START--
INFO: Run Behavior\BuildLiteBehavior [ RunTime:0.000013s ]
INFO: [ app_init ] --END-- [ RunTime:0.000264s ]
ERR: 无法加载模块:Api.flickr.com

[ 2016-06-14T03:56:56+08:00 ] ::1 /0/1/api.flickr.com/services/feeds/default.htmphotos_public.gne?lang=en-us&format=json&jsoncallback=jQuery17107343320402349056_1465847815633&id=58842866@N08&tags=architecture&_=1465847816392
INFO: [ app_init ] --START--
INFO: Run Behavior\BuildLiteBehavior [ RunTime:0.000013s ]
INFO: [ app_init ] --END-- [ RunTime:0.000288s ]
ERR: 无法加载模块:Api.flickr.com

[ 2016-06-14T03:57:05+08:00 ] ::1 /0/1/api.flickr.com/services/feeds/default.htmphotos_public.gne?lang=en-us&format=json&jsoncallback=jQuery171045407063235965495_1465847824242&id=58842866@N08&tags=architecture&_=1465847825013
INFO: [ app_init ] --START--
INFO: Run Behavior\BuildLiteBehavior [ RunTime:0.000018s ]
INFO: [ app_init ] --END-- [ RunTime:0.000382s ]
ERR: 无法加载模块:Api.flickr.com

[ 2016-06-14T04:03:07+08:00 ] ::1 /0/1/api.flickr.com/services/feeds/default.htmphotos_public.gne?lang=en-us&format=json&jsoncallback=jQuery1710021361300925197724_1465848186238&id=58842866@N08&tags=architecture&_=1465848187010
INFO: [ app_init ] --START--
INFO: Run Behavior\BuildLiteBehavior [ RunTime:0.000014s ]
INFO: [ app_init ] --END-- [ RunTime:0.000271s ]
ERR: 无法加载模块:Api.flickr.com

[ 2016-06-14T04:17:35+08:00 ] ::1 /0/1/platform.twitter.com/widgets.js?_=1465849055261
INFO: [ app_init ] --START--
INFO: Run Behavior\BuildLiteBehavior [ RunTime:0.000012s ]
INFO: [ app_init ] --END-- [ RunTime:0.000255s ]
ERR: 无法加载模块:Platform.twitter.com

[ 2016-06-14T04:19:07+08:00 ] ::1 /0/1/platform.twitter.com/widgets.js?_=1465849147272
INFO: [ app_init ] --START--
INFO: Run Behavior\BuildLiteBehavior [ RunTime:0.000013s ]
INFO: [ app_init ] --END-- [ RunTime:0.000277s ]
ERR: 无法加载模块:Platform.twitter.com

[ 2016-06-14T04:29:20+08:00 ] ::1 /0/1/platform.twitter.com/widgets.js?_=1465849760068
INFO: [ app_init ] --START--
INFO: Run Behavior\BuildLiteBehavior [ RunTime:0.000015s ]
INFO: [ app_init ] --END-- [ RunTime:0.000272s ]
ERR: 无法加载模块:Platform.twitter.com

[ 2016-06-14T04:29:22+08:00 ] ::1 /0/1/platform.twitter.com/widgets.js?_=1465849762906
INFO: [ app_init ] --START--
INFO: Run Behavior\BuildLiteBehavior [ RunTime:0.000013s ]
INFO: [ app_init ] --END-- [ RunTime:0.000257s ]
ERR: 无法加载模块:Platform.twitter.com

[ 2016-06-14T04:29:24+08:00 ] ::1 /0/1/platform.twitter.com/widgets.js?_=1465849764343
INFO: [ app_init ] --START--
INFO: Run Behavior\BuildLiteBehavior [ RunTime:0.000012s ]
INFO: [ app_init ] --END-- [ RunTime:0.000243s ]
ERR: 无法加载模块:Platform.twitter.com

[ 2016-06-14T04:29:25+08:00 ] ::1 /0/1/platform.twitter.com/widgets.js?_=1465849765912
INFO: [ app_init ] --START--
INFO: Run Behavior\BuildLiteBehavior [ RunTime:0.000025s ]
INFO: [ app_init ] --END-- [ RunTime:0.000264s ]
ERR: 无法加载模块:Platform.twitter.com

[ 2016-06-14T04:29:34+08:00 ] ::1 /0/1/platform.twitter.com/widgets.js?_=1465849774516
INFO: [ app_init ] --START--
INFO: Run Behavior\BuildLiteBehavior [ RunTime:0.000022s ]
INFO: [ app_init ] --END-- [ RunTime:0.000419s ]
ERR: 无法加载模块:Platform.twitter.com

[ 2016-06-14T04:38:59+08:00 ] ::1 /0/1/platform.twitter.com/widgets.js?_=1465850339005
INFO: [ app_init ] --START--
INFO: Run Behavior\BuildLiteBehavior [ RunTime:0.000013s ]
INFO: [ app_init ] --END-- [ RunTime:0.000254s ]
ERR: 无法加载模块:Platform.twitter.com

[ 2016-06-14T04:39:04+08:00 ] ::1 /0/1/api.flickr.com/services/feeds/default.htmphotos_public.gne?lang=en-us&format=json&jsoncallback=jQuery171003827085335183922_1465850343839&id=58842866@N08&tags=architecture&_=1465850344718
INFO: [ app_init ] --START--
INFO: Run Behavior\BuildLiteBehavior [ RunTime:0.000027s ]
INFO: [ app_init ] --END-- [ RunTime:0.000292s ]
ERR: 无法加载模块:Api.flickr.com

[ 2016-06-14T04:39:13+08:00 ] ::1 /0/1/api.flickr.com/services/feeds/default.htmphotos_public.gne?lang=en-us&format=json&jsoncallback=jQuery17109642007543133193_1465850352412&id=58842866@N08&tags=architecture&_=1465850353294
INFO: [ app_init ] --START--
INFO: Run Behavior\BuildLiteBehavior [ RunTime:0.000013s ]
INFO: [ app_init ] --END-- [ RunTime:0.000283s ]
ERR: 无法加载模块:Api.flickr.com

[ 2016-06-14T04:39:18+08:00 ] ::1 /0/1/api.flickr.com/services/feeds/default.htmphotos_public.gne?lang=en-us&format=json&jsoncallback=jQuery171011585661289252325_1465850357438&id=58842866@N08&tags=architecture&_=1465850358184
INFO: [ app_init ] --START--
INFO: Run Behavior\BuildLiteBehavior [ RunTime:0.000013s ]
INFO: [ app_init ] --END-- [ RunTime:0.000271s ]
ERR: 无法加载模块:Api.flickr.com

[ 2016-06-14T04:39:24+08:00 ] ::1 /0/1/api.flickr.com/services/feeds/default.htmphotos_public.gne?lang=en-us&format=json&jsoncallback=jQuery17108429892107183141_1465850363916&id=58842866@N08&tags=architecture&_=1465850364685
INFO: [ app_init ] --START--
INFO: Run Behavior\BuildLiteBehavior [ RunTime:0.000013s ]
INFO: [ app_init ] --END-- [ RunTime:0.000243s ]
ERR: 无法加载模块:Api.flickr.com

[ 2016-06-14T04:39:30+08:00 ] ::1 /0/1/api.flickr.com/services/feeds/default.htmphotos_public.gne?lang=en-us&format=json&jsoncallback=jQuery17103323726220863744_1465850369943&id=58842866@N08&tags=architecture&_=1465850370879
INFO: [ app_init ] --START--
INFO: Run Behavior\BuildLiteBehavior [ RunTime:0.000025s ]
INFO: [ app_init ] --END-- [ RunTime:0.000348s ]
ERR: 无法加载模块:Api.flickr.com

[ 2016-06-14T04:39:40+08:00 ] ::1 /0/1/api.flickr.com/services/feeds/default.htmphotos_public.gne?lang=en-us&format=json&jsoncallback=jQuery17109888746817390291_1465850379991&id=58842866@N08&tags=architecture&_=1465850380805
INFO: [ app_init ] --START--
INFO: Run Behavior\BuildLiteBehavior [ RunTime:0.000013s ]
INFO: [ app_init ] --END-- [ RunTime:0.000251s ]
ERR: 无法加载模块:Api.flickr.com

[ 2016-06-14T04:39:44+08:00 ] ::1 /0/1/platform.twitter.com/widgets.js?_=1465850383978
INFO: [ app_init ] --START--
INFO: Run Behavior\BuildLiteBehavior [ RunTime:0.000014s ]
INFO: [ app_init ] --END-- [ RunTime:0.000270s ]
ERR: 无法加载模块:Platform.twitter.com

[ 2016-06-14T04:40:59+08:00 ] ::1 /0/1/api.flickr.com/services/feeds/default.htmphotos_public.gne?lang=en-us&format=json&jsoncallback=jQuery171011199785489421066_1465850458624&id=58842866@N08&tags=architecture&_=1465850459485
INFO: [ app_init ] --START--
INFO: Run Behavior\BuildLiteBehavior [ RunTime:0.000012s ]
INFO: [ app_init ] --END-- [ RunTime:0.000245s ]
ERR: 无法加载模块:Api.flickr.com

[ 2016-06-14T04:41:13+08:00 ] ::1 /0/1/api.flickr.com/services/feeds/default.htmphotos_public.gne?lang=en-us&format=json&jsoncallback=jQuery17104618203124149859_1465850472954&id=58842866@N08&tags=architecture&_=1465850473777
INFO: [ app_init ] --START--
INFO: Run Behavior\BuildLiteBehavior [ RunTime:0.000013s ]
INFO: [ app_init ] --END-- [ RunTime:0.000324s ]
ERR: 无法加载模块:Api.flickr.com

[ 2016-06-14T04:41:21+08:00 ] ::1 /0/1/api.flickr.com/services/feeds/default.htmphotos_public.gne?lang=en-us&format=json&jsoncallback=jQuery1710793367034418974_1465850480309&id=58842866@N08&tags=architecture&_=1465850481105
INFO: [ app_init ] --START--
INFO: Run Behavior\BuildLiteBehavior [ RunTime:0.000022s ]
INFO: [ app_init ] --END-- [ RunTime:0.000274s ]
ERR: 无法加载模块:Api.flickr.com

[ 2016-06-14T04:41:23+08:00 ] ::1 /0/1/api.flickr.com/services/feeds/default.htmphotos_public.gne?lang=en-us&format=json&jsoncallback=jQuery17108960897217900317_1465850482543&id=58842866@N08&tags=architecture&_=1465850483394
INFO: [ app_init ] --START--
INFO: Run Behavior\BuildLiteBehavior [ RunTime:0.000013s ]
INFO: [ app_init ] --END-- [ RunTime:0.000322s ]
ERR: 无法加载模块:Api.flickr.com

[ 2016-06-14T04:42:59+08:00 ] ::1 /0/1/api.flickr.com/services/feeds/default.htmphotos_public.gne?lang=en-us&format=json&jsoncallback=jQuery17108915513887914767_1465850578642&id=58842866@N08&tags=architecture&_=1465850579682
INFO: [ app_init ] --START--
INFO: Run Behavior\BuildLiteBehavior [ RunTime:0.000012s ]
INFO: [ app_init ] --END-- [ RunTime:0.000242s ]
ERR: 无法加载模块:Api.flickr.com

